{"/Users/nczitzer/WebstormProjects/archive-pulseplus-archive/backend/config/redis.js": {"path":"/Users/nczitzer/WebstormProjects/archive-pulseplus-archive/backend/config/redis.js","statementMap":{"0":{"start":{"line":9,"column":14},"end":{"line":9,"column":32}},"1":{"start":{"line":10,"column":22},"end":{"line":10,"column":55}},"2":{"start":{"line":11,"column":15},"end":{"line":11,"column":41}},"3":{"start":{"line":14,"column":20},"end":{"line":21,"column":2}},"4":{"start":{"line":28,"column":20},"end":{"line":28,"column":42}},"5":{"start":{"line":31,"column":0},"end":{"line":33,"column":3}},"6":{"start":{"line":32,"column":2},"end":{"line":32,"column":40}},"7":{"start":{"line":35,"column":0},"end":{"line":37,"column":3}},"8":{"start":{"line":36,"column":2},"end":{"line":36,"column":36}},"9":{"start":{"line":39,"column":0},"end":{"line":41,"column":3}},"10":{"start":{"line":40,"column":2},"end":{"line":40,"column":69}},"11":{"start":{"line":43,"column":0},"end":{"line":45,"column":3}},"12":{"start":{"line":44,"column":2},"end":{"line":44,"column":48}},"13":{"start":{"line":47,"column":0},"end":{"line":49,"column":3}},"14":{"start":{"line":48,"column":2},"end":{"line":48,"column":57}},"15":{"start":{"line":52,"column":0},"end":{"line":60,"column":2}},"16":{"start":{"line":53,"column":2},"end":{"line":59,"column":3}},"17":{"start":{"line":54,"column":19},"end":{"line":54,"column":43}},"18":{"start":{"line":55,"column":4},"end":{"line":55,"column":42}},"19":{"start":{"line":57,"column":4},"end":{"line":57,"column":75}},"20":{"start":{"line":58,"column":4},"end":{"line":58,"column":52}},"21":{"start":{"line":63,"column":0},"end":{"line":83,"column":10}},"22":{"start":{"line":64,"column":2},"end":{"line":82,"column":3}},"23":{"start":{"line":65,"column":17},"end":{"line":65,"column":41}},"24":{"start":{"line":66,"column":20},"end":{"line":66,"column":22}},"25":{"start":{"line":69,"column":4},"end":{"line":74,"column":7}},"26":{"start":{"line":70,"column":20},"end":{"line":70,"column":35}},"27":{"start":{"line":71,"column":6},"end":{"line":73,"column":7}},"28":{"start":{"line":72,"column":8},"end":{"line":72,"column":37}},"29":{"start":{"line":76,"column":4},"end":{"line":76,"column":57}},"30":{"start":{"line":81,"column":4},"end":{"line":81,"column":70}},"31":{"start":{"line":85,"column":0},"end":{"line":85,"column":29}}},"fnMap":{"0":{"name":"(anonymous_0)","decl":{"start":{"line":31,"column":26},"end":{"line":31,"column":27}},"loc":{"start":{"line":31,"column":32},"end":{"line":33,"column":1}},"line":31},"1":{"name":"(anonymous_1)","decl":{"start":{"line":35,"column":24},"end":{"line":35,"column":25}},"loc":{"start":{"line":35,"column":30},"end":{"line":37,"column":1}},"line":35},"2":{"name":"(anonymous_2)","decl":{"start":{"line":39,"column":24},"end":{"line":39,"column":25}},"loc":{"start":{"line":39,"column":33},"end":{"line":41,"column":1}},"line":39},"3":{"name":"(anonymous_3)","decl":{"start":{"line":43,"column":24},"end":{"line":43,"column":25}},"loc":{"start":{"line":43,"column":30},"end":{"line":45,"column":1}},"line":43},"4":{"name":"(anonymous_4)","decl":{"start":{"line":47,"column":31},"end":{"line":47,"column":32}},"loc":{"start":{"line":47,"column":42},"end":{"line":49,"column":1}},"line":47},"5":{"name":"(anonymous_5)","decl":{"start":{"line":52,"column":26},"end":{"line":52,"column":27}},"loc":{"start":{"line":52,"column":38},"end":{"line":60,"column":1}},"line":52},"6":{"name":"(anonymous_6)","decl":{"start":{"line":63,"column":12},"end":{"line":63,"column":13}},"loc":{"start":{"line":63,"column":24},"end":{"line":83,"column":1}},"line":63},"7":{"name":"(anonymous_7)","decl":{"start":{"line":69,"column":31},"end":{"line":69,"column":32}},"loc":{"start":{"line":69,"column":39},"end":{"line":74,"column":5}},"line":69}},"branchMap":{"0":{"loc":{"start":{"line":71,"column":6},"end":{"line":73,"column":7}},"type":"if","locations":[{"start":{"line":71,"column":6},"end":{"line":73,"column":7}},{"start":{},"end":{}}],"line":71}},"s":{"0":2,"1":2,"2":2,"3":2,"4":2,"5":2,"6":0,"7":2,"8":0,"9":2,"10":0,"11":2,"12":0,"13":2,"14":0,"15":2,"16":0,"17":0,"18":0,"19":0,"20":0,"21":2,"22":0,"23":0,"24":0,"25":0,"26":0,"27":0,"28":0,"29":0,"30":0,"31":2},"f":{"0":0,"1":0,"2":0,"3":0,"4":0,"5":0,"6":0,"7":0},"b":{"0":[0,0]},"_coverageSchema":"1a1c01bbd47fc00a2c39e90264f33305004495a9","hash":"0afab2b8102f897235453c536edc7bf1c8f56ce8"}
,"/Users/nczitzer/WebstormProjects/archive-pulseplus-archive/backend/utils/appError.js": {"path":"/Users/nczitzer/WebstormProjects/archive-pulseplus-archive/backend/utils/appError.js","statementMap":{"0":{"start":{"line":16,"column":4},"end":{"line":16,"column":19}},"1":{"start":{"line":17,"column":4},"end":{"line":17,"column":33}},"2":{"start":{"line":18,"column":4},"end":{"line":18,"column":51}},"3":{"start":{"line":19,"column":4},"end":{"line":19,"column":27}},"4":{"start":{"line":20,"column":4},"end":{"line":20,"column":30}},"5":{"start":{"line":21,"column":4},"end":{"line":21,"column":52}},"6":{"start":{"line":25,"column":0},"end":{"line":25,"column":26}}},"fnMap":{"0":{"name":"(anonymous_0)","decl":{"start":{"line":15,"column":2},"end":{"line":15,"column":3}},"loc":{"start":{"line":15,"column":62},"end":{"line":22,"column":3}},"line":15}},"branchMap":{"0":{"loc":{"start":{"line":15,"column":46},"end":{"line":15,"column":60}},"type":"default-arg","locations":[{"start":{"line":15,"column":56},"end":{"line":15,"column":60}}],"line":15},"1":{"loc":{"start":{"line":18,"column":21},"end":{"line":18,"column":50}},"type":"binary-expr","locations":[{"start":{"line":18,"column":21},"end":{"line":18,"column":30}},{"start":{"line":18,"column":34},"end":{"line":18,"column":50}}],"line":18}},"s":{"0":10,"1":10,"2":10,"3":10,"4":10,"5":10,"6":6},"f":{"0":10},"b":{"0":[8],"1":[10,4]},"_coverageSchema":"1a1c01bbd47fc00a2c39e90264f33305004495a9","hash":"a3d25a3e481938bc7a8b0861460f216dd5f98bbd"}
,"/Users/nczitzer/WebstormProjects/archive-pulseplus-archive/backend/utils/auditLog.js": {"path":"/Users/nczitzer/WebstormProjects/archive-pulseplus-archive/backend/utils/auditLog.js","statementMap":{"0":{"start":{"line":7,"column":17},"end":{"line":7,"column":50}},"1":{"start":{"line":56,"column":2},"end":{"line":73,"column":3}},"2":{"start":{"line":57,"column":4},"end":{"line":69,"column":6}},"3":{"start":{"line":71,"column":4},"end":{"line":71,"column":56}},"4":{"start":{"line":76,"column":0},"end":{"line":78,"column":2}}},"fnMap":{"0":{"name":"auditLog","decl":{"start":{"line":55,"column":15},"end":{"line":55,"column":23}},"loc":{"start":{"line":55,"column":55},"end":{"line":74,"column":1}},"line":55}},"branchMap":{"0":{"loc":{"start":{"line":66,"column":8},"end":{"line":66,"column":27}},"type":"binary-expr","locations":[{"start":{"line":66,"column":8},"end":{"line":66,"column":19}},{"start":{"line":66,"column":23},"end":{"line":66,"column":27}}],"line":66},"1":{"loc":{"start":{"line":67,"column":8},"end":{"line":67,"column":27}},"type":"binary-expr","locations":[{"start":{"line":67,"column":8},"end":{"line":67,"column":19}},{"start":{"line":67,"column":23},"end":{"line":67,"column":27}}],"line":67}},"s":{"0":1,"1":0,"2":0,"3":0,"4":1},"f":{"0":0},"b":{"0":[0,0],"1":[0,0]},"_coverageSchema":"1a1c01bbd47fc00a2c39e90264f33305004495a9","hash":"5fdb38798d4c3613714c2b1a4c2a51913256411b"}
,"/Users/nczitzer/WebstormProjects/archive-pulseplus-archive/backend/utils/cacheConfig.js": {"path":"/Users/nczitzer/WebstormProjects/archive-pulseplus-archive/backend/utils/cacheConfig.js","statementMap":{"0":{"start":{"line":7,"column":15},"end":{"line":7,"column":34}},"1":{"start":{"line":13,"column":24},"end":{"line":25,"column":1}},"2":{"start":{"line":31,"column":23},"end":{"line":70,"column":1}},"3":{"start":{"line":34,"column":20},"end":{"line":34,"column":32}},"4":{"start":{"line":35,"column":26},"end":{"line":35,"column":58}},"5":{"start":{"line":36,"column":21},"end":{"line":36,"column":41}},"6":{"start":{"line":37,"column":22},"end":{"line":37,"column":43}},"7":{"start":{"line":42,"column":20},"end":{"line":42,"column":32}},"8":{"start":{"line":43,"column":26},"end":{"line":43,"column":58}},"9":{"start":{"line":44,"column":40},"end":{"line":44,"column":66}},"10":{"start":{"line":49,"column":20},"end":{"line":49,"column":34}},"11":{"start":{"line":50,"column":26},"end":{"line":50,"column":60}},"12":{"start":{"line":51,"column":19},"end":{"line":51,"column":35}},"13":{"start":{"line":52,"column":19},"end":{"line":52,"column":39}},"14":{"start":{"line":57,"column":25},"end":{"line":57,"column":44}},"15":{"start":{"line":58,"column":33},"end":{"line":58,"column":60}},"16":{"start":{"line":59,"column":27},"end":{"line":59,"column":59}},"17":{"start":{"line":60,"column":18},"end":{"line":60,"column":30}},"18":{"start":{"line":65,"column":25},"end":{"line":65,"column":44}},"19":{"start":{"line":66,"column":42},"end":{"line":66,"column":91}},"20":{"start":{"line":67,"column":18},"end":{"line":67,"column":30}},"21":{"start":{"line":68,"column":17},"end":{"line":68,"column":24}},"22":{"start":{"line":76,"column":29},"end":{"line":122,"column":1}},"23":{"start":{"line":79,"column":18},"end":{"line":79,"column":29}},"24":{"start":{"line":80,"column":20},"end":{"line":80,"column":90}},"25":{"start":{"line":81,"column":20},"end":{"line":81,"column":90}},"26":{"start":{"line":86,"column":18},"end":{"line":86,"column":29}},"27":{"start":{"line":87,"column":20},"end":{"line":87,"column":62}},"28":{"start":{"line":88,"column":20},"end":{"line":88,"column":62}},"29":{"start":{"line":93,"column":18},"end":{"line":93,"column":49}},"30":{"start":{"line":94,"column":20},"end":{"line":94,"column":89}},"31":{"start":{"line":95,"column":20},"end":{"line":95,"column":71}},"32":{"start":{"line":100,"column":42},"end":{"line":105,"column":5}},"33":{"start":{"line":106,"column":45},"end":{"line":110,"column":5}},"34":{"start":{"line":109,"column":29},"end":{"line":109,"column":44}},"35":{"start":{"line":115,"column":46},"end":{"line":119,"column":5}},"36":{"start":{"line":120,"column":29},"end":{"line":120,"column":56}},"37":{"start":{"line":134,"column":27},"end":{"line":146,"column":1}},"38":{"start":{"line":135,"column":2},"end":{"line":138,"column":3}},"39":{"start":{"line":136,"column":4},"end":{"line":136,"column":77}},"40":{"start":{"line":137,"column":4},"end":{"line":137,"column":11}},"41":{"start":{"line":140,"column":19},"end":{"line":140,"column":65}},"42":{"start":{"line":142,"column":2},"end":{"line":145,"column":5}},"43":{"start":{"line":143,"column":4},"end":{"line":143,"column":43}},"44":{"start":{"line":144,"column":4},"end":{"line":144,"column":71}},"45":{"start":{"line":156,"column":20},"end":{"line":163,"column":1}},"46":{"start":{"line":157,"column":2},"end":{"line":160,"column":3}},"47":{"start":{"line":158,"column":4},"end":{"line":158,"column":69}},"48":{"start":{"line":159,"column":4},"end":{"line":159,"column":90}},"49":{"start":{"line":162,"column":2},"end":{"line":162,"column":51}},"50":{"start":{"line":172,"column":25},"end":{"line":213,"column":1}},"51":{"start":{"line":174,"column":28},"end":{"line":204,"column":3}},"52":{"start":{"line":207,"column":2},"end":{"line":209,"column":3}},"53":{"start":{"line":208,"column":4},"end":{"line":208,"column":48}},"54":{"start":{"line":212,"column":2},"end":{"line":212,"column":32}},"55":{"start":{"line":215,"column":0},"end":{"line":222,"column":2}}},"fnMap":{"0":{"name":"(anonymous_0)","decl":{"start":{"line":34,"column":12},"end":{"line":34,"column":13}},"loc":{"start":{"line":34,"column":20},"end":{"line":34,"column":32}},"line":34},"1":{"name":"(anonymous_1)","decl":{"start":{"line":35,"column":10},"end":{"line":35,"column":11}},"loc":{"start":{"line":35,"column":26},"end":{"line":35,"column":58}},"line":35},"2":{"name":"(anonymous_2)","decl":{"start":{"line":36,"column":13},"end":{"line":36,"column":14}},"loc":{"start":{"line":36,"column":21},"end":{"line":36,"column":41}},"line":36},"3":{"name":"(anonymous_3)","decl":{"start":{"line":37,"column":14},"end":{"line":37,"column":15}},"loc":{"start":{"line":37,"column":22},"end":{"line":37,"column":43}},"line":37},"4":{"name":"(anonymous_4)","decl":{"start":{"line":42,"column":12},"end":{"line":42,"column":13}},"loc":{"start":{"line":42,"column":20},"end":{"line":42,"column":32}},"line":42},"5":{"name":"(anonymous_5)","decl":{"start":{"line":43,"column":10},"end":{"line":43,"column":11}},"loc":{"start":{"line":43,"column":26},"end":{"line":43,"column":58}},"line":43},"6":{"name":"(anonymous_6)","decl":{"start":{"line":44,"column":17},"end":{"line":44,"column":18}},"loc":{"start":{"line":44,"column":40},"end":{"line":44,"column":66}},"line":44},"7":{"name":"(anonymous_7)","decl":{"start":{"line":49,"column":12},"end":{"line":49,"column":13}},"loc":{"start":{"line":49,"column":20},"end":{"line":49,"column":34}},"line":49},"8":{"name":"(anonymous_8)","decl":{"start":{"line":50,"column":10},"end":{"line":50,"column":11}},"loc":{"start":{"line":50,"column":26},"end":{"line":50,"column":60}},"line":50},"9":{"name":"(anonymous_9)","decl":{"start":{"line":51,"column":13},"end":{"line":51,"column":14}},"loc":{"start":{"line":51,"column":19},"end":{"line":51,"column":35}},"line":51},"10":{"name":"(anonymous_10)","decl":{"start":{"line":52,"column":11},"end":{"line":52,"column":12}},"loc":{"start":{"line":52,"column":19},"end":{"line":52,"column":39}},"line":52},"11":{"name":"(anonymous_11)","decl":{"start":{"line":57,"column":13},"end":{"line":57,"column":14}},"loc":{"start":{"line":57,"column":25},"end":{"line":57,"column":44}},"line":57},"12":{"name":"(anonymous_12)","decl":{"start":{"line":58,"column":21},"end":{"line":58,"column":22}},"loc":{"start":{"line":58,"column":33},"end":{"line":58,"column":60}},"line":58},"13":{"name":"(anonymous_13)","decl":{"start":{"line":59,"column":11},"end":{"line":59,"column":12}},"loc":{"start":{"line":59,"column":27},"end":{"line":59,"column":59}},"line":59},"14":{"name":"(anonymous_14)","decl":{"start":{"line":60,"column":10},"end":{"line":60,"column":11}},"loc":{"start":{"line":60,"column":18},"end":{"line":60,"column":30}},"line":60},"15":{"name":"(anonymous_15)","decl":{"start":{"line":65,"column":13},"end":{"line":65,"column":14}},"loc":{"start":{"line":65,"column":25},"end":{"line":65,"column":44}},"line":65},"16":{"name":"(anonymous_16)","decl":{"start":{"line":66,"column":18},"end":{"line":66,"column":19}},"loc":{"start":{"line":66,"column":42},"end":{"line":66,"column":91}},"line":66},"17":{"name":"(anonymous_17)","decl":{"start":{"line":67,"column":10},"end":{"line":67,"column":11}},"loc":{"start":{"line":67,"column":18},"end":{"line":67,"column":30}},"line":67},"18":{"name":"(anonymous_18)","decl":{"start":{"line":68,"column":11},"end":{"line":68,"column":12}},"loc":{"start":{"line":68,"column":17},"end":{"line":68,"column":24}},"line":68},"19":{"name":"(anonymous_19)","decl":{"start":{"line":79,"column":12},"end":{"line":79,"column":13}},"loc":{"start":{"line":79,"column":18},"end":{"line":79,"column":29}},"line":79},"20":{"name":"(anonymous_20)","decl":{"start":{"line":80,"column":12},"end":{"line":80,"column":13}},"loc":{"start":{"line":80,"column":20},"end":{"line":80,"column":90}},"line":80},"21":{"name":"(anonymous_21)","decl":{"start":{"line":81,"column":12},"end":{"line":81,"column":13}},"loc":{"start":{"line":81,"column":20},"end":{"line":81,"column":90}},"line":81},"22":{"name":"(anonymous_22)","decl":{"start":{"line":86,"column":12},"end":{"line":86,"column":13}},"loc":{"start":{"line":86,"column":18},"end":{"line":86,"column":29}},"line":86},"23":{"name":"(anonymous_23)","decl":{"start":{"line":87,"column":12},"end":{"line":87,"column":13}},"loc":{"start":{"line":87,"column":20},"end":{"line":87,"column":62}},"line":87},"24":{"name":"(anonymous_24)","decl":{"start":{"line":88,"column":12},"end":{"line":88,"column":13}},"loc":{"start":{"line":88,"column":20},"end":{"line":88,"column":62}},"line":88},"25":{"name":"(anonymous_25)","decl":{"start":{"line":93,"column":12},"end":{"line":93,"column":13}},"loc":{"start":{"line":93,"column":18},"end":{"line":93,"column":49}},"line":93},"26":{"name":"(anonymous_26)","decl":{"start":{"line":94,"column":12},"end":{"line":94,"column":13}},"loc":{"start":{"line":94,"column":20},"end":{"line":94,"column":89}},"line":94},"27":{"name":"(anonymous_27)","decl":{"start":{"line":95,"column":12},"end":{"line":95,"column":13}},"loc":{"start":{"line":95,"column":20},"end":{"line":95,"column":71}},"line":95},"28":{"name":"(anonymous_28)","decl":{"start":{"line":100,"column":20},"end":{"line":100,"column":21}},"loc":{"start":{"line":100,"column":42},"end":{"line":105,"column":5}},"line":100},"29":{"name":"(anonymous_29)","decl":{"start":{"line":106,"column":17},"end":{"line":106,"column":18}},"loc":{"start":{"line":106,"column":45},"end":{"line":110,"column":5}},"line":106},"30":{"name":"(anonymous_30)","decl":{"start":{"line":109,"column":23},"end":{"line":109,"column":24}},"loc":{"start":{"line":109,"column":29},"end":{"line":109,"column":44}},"line":109},"31":{"name":"(anonymous_31)","decl":{"start":{"line":115,"column":17},"end":{"line":115,"column":18}},"loc":{"start":{"line":115,"column":46},"end":{"line":119,"column":5}},"line":115},"32":{"name":"(anonymous_32)","decl":{"start":{"line":120,"column":17},"end":{"line":120,"column":18}},"loc":{"start":{"line":120,"column":29},"end":{"line":120,"column":56}},"line":120},"33":{"name":"(anonymous_33)","decl":{"start":{"line":134,"column":27},"end":{"line":134,"column":28}},"loc":{"start":{"line":134,"column":82},"end":{"line":146,"column":1}},"line":134},"34":{"name":"(anonymous_34)","decl":{"start":{"line":142,"column":19},"end":{"line":142,"column":20}},"loc":{"start":{"line":142,"column":30},"end":{"line":145,"column":3}},"line":142},"35":{"name":"(anonymous_35)","decl":{"start":{"line":156,"column":20},"end":{"line":156,"column":21}},"loc":{"start":{"line":156,"column":51},"end":{"line":163,"column":1}},"line":156},"36":{"name":"(anonymous_36)","decl":{"start":{"line":172,"column":25},"end":{"line":172,"column":26}},"loc":{"start":{"line":172,"column":48},"end":{"line":213,"column":1}},"line":172}},"branchMap":{"0":{"loc":{"start":{"line":35,"column":11},"end":{"line":35,"column":21}},"type":"default-arg","locations":[{"start":{"line":35,"column":19},"end":{"line":35,"column":21}}],"line":35},"1":{"loc":{"start":{"line":43,"column":11},"end":{"line":43,"column":21}},"type":"default-arg","locations":[{"start":{"line":43,"column":19},"end":{"line":43,"column":21}}],"line":43},"2":{"loc":{"start":{"line":44,"column":18},"end":{"line":44,"column":35}},"type":"default-arg","locations":[{"start":{"line":44,"column":30},"end":{"line":44,"column":35}}],"line":44},"3":{"loc":{"start":{"line":50,"column":11},"end":{"line":50,"column":21}},"type":"default-arg","locations":[{"start":{"line":50,"column":19},"end":{"line":50,"column":21}}],"line":50},"4":{"loc":{"start":{"line":59,"column":12},"end":{"line":59,"column":22}},"type":"default-arg","locations":[{"start":{"line":59,"column":20},"end":{"line":59,"column":22}}],"line":59},"5":{"loc":{"start":{"line":66,"column":27},"end":{"line":66,"column":37}},"type":"default-arg","locations":[{"start":{"line":66,"column":35},"end":{"line":66,"column":37}}],"line":66},"6":{"loc":{"start":{"line":106,"column":26},"end":{"line":106,"column":40}},"type":"default-arg","locations":[{"start":{"line":106,"column":38},"end":{"line":106,"column":40}}],"line":106},"7":{"loc":{"start":{"line":115,"column":26},"end":{"line":115,"column":41}},"type":"default-arg","locations":[{"start":{"line":115,"column":37},"end":{"line":115,"column":41}}],"line":115},"8":{"loc":{"start":{"line":118,"column":10},"end":{"line":118,"column":79}},"type":"cond-expr","locations":[{"start":{"line":118,"column":21},"end":{"line":118,"column":74}},{"start":{"line":118,"column":77},"end":{"line":118,"column":79}}],"line":118},"9":{"loc":{"start":{"line":135,"column":2},"end":{"line":138,"column":3}},"type":"if","locations":[{"start":{"line":135,"column":2},"end":{"line":138,"column":3}},{"start":{},"end":{}}],"line":135},"10":{"loc":{"start":{"line":135,"column":6},"end":{"line":135,"column":83}},"type":"binary-expr","locations":[{"start":{"line":135,"column":6},"end":{"line":135,"column":37}},{"start":{"line":135,"column":41},"end":{"line":135,"column":83}}],"line":135},"11":{"loc":{"start":{"line":157,"column":2},"end":{"line":160,"column":3}},"type":"if","locations":[{"start":{"line":157,"column":2},"end":{"line":160,"column":3}},{"start":{},"end":{}}],"line":157},"12":{"loc":{"start":{"line":157,"column":6},"end":{"line":157,"column":69}},"type":"binary-expr","locations":[{"start":{"line":157,"column":6},"end":{"line":157,"column":31}},{"start":{"line":157,"column":35},"end":{"line":157,"column":69}}],"line":157},"13":{"loc":{"start":{"line":207,"column":2},"end":{"line":209,"column":3}},"type":"if","locations":[{"start":{"line":207,"column":2},"end":{"line":209,"column":3}},{"start":{},"end":{}}],"line":207},"14":{"loc":{"start":{"line":207,"column":6},"end":{"line":207,"column":73}},"type":"binary-expr","locations":[{"start":{"line":207,"column":6},"end":{"line":207,"column":33}},{"start":{"line":207,"column":37},"end":{"line":207,"column":73}}],"line":207}},"s":{"0":1,"1":1,"2":1,"3":0,"4":0,"5":0,"6":0,"7":0,"8":0,"9":0,"10":0,"11":0,"12":0,"13":0,"14":0,"15":0,"16":0,"17":0,"18":0,"19":0,"20":0,"21":0,"22":1,"23":0,"24":0,"25":0,"26":0,"27":0,"28":0,"29":0,"30":0,"31":0,"32":0,"33":0,"34":0,"35":0,"36":0,"37":1,"38":0,"39":0,"40":0,"41":0,"42":0,"43":0,"44":0,"45":1,"46":0,"47":0,"48":0,"49":0,"50":1,"51":0,"52":0,"53":0,"54":0,"55":1},"f":{"0":0,"1":0,"2":0,"3":0,"4":0,"5":0,"6":0,"7":0,"8":0,"9":0,"10":0,"11":0,"12":0,"13":0,"14":0,"15":0,"16":0,"17":0,"18":0,"19":0,"20":0,"21":0,"22":0,"23":0,"24":0,"25":0,"26":0,"27":0,"28":0,"29":0,"30":0,"31":0,"32":0,"33":0,"34":0,"35":0,"36":0},"b":{"0":[0],"1":[0],"2":[0],"3":[0],"4":[0],"5":[0],"6":[0],"7":[0],"8":[0,0],"9":[0,0],"10":[0,0],"11":[0,0],"12":[0,0],"13":[0,0],"14":[0,0]},"_coverageSchema":"1a1c01bbd47fc00a2c39e90264f33305004495a9","hash":"4c3b249dc210e2b40dd33d8f5cc6f8eb7b6a215b"}
,"/Users/nczitzer/WebstormProjects/archive-pulseplus-archive/backend/utils/cacheService.js": {"path":"/Users/nczitzer/WebstormProjects/archive-pulseplus-archive/backend/utils/cacheService.js","statementMap":{"0":{"start":{"line":8,"column":22},"end":{"line":8,"column":48}},"1":{"start":{"line":9,"column":15},"end":{"line":9,"column":34}},"2":{"start":{"line":23,"column":24},"end":{"line":26,"column":5}},"3":{"start":{"line":28,"column":4},"end":{"line":28,"column":28}},"4":{"start":{"line":29,"column":4},"end":{"line":29,"column":48}},"5":{"start":{"line":30,"column":4},"end":{"line":30,"column":43}},"6":{"start":{"line":31,"column":4},"end":{"line":31,"column":55}},"7":{"start":{"line":32,"column":4},"end":{"line":32,"column":49}},"8":{"start":{"line":33,"column":4},"end":{"line":33,"column":33}},"9":{"start":{"line":35,"column":4},"end":{"line":38,"column":7}},"10":{"start":{"line":49,"column":24},"end":{"line":49,"column":49}},"11":{"start":{"line":51,"column":4},"end":{"line":51,"column":49}},"12":{"start":{"line":51,"column":37},"end":{"line":51,"column":49}},"13":{"start":{"line":52,"column":18},"end":{"line":52,"column":44}},"14":{"start":{"line":53,"column":18},"end":{"line":53,"column":40}},"15":{"start":{"line":55,"column":4},"end":{"line":58,"column":5}},"16":{"start":{"line":56,"column":6},"end":{"line":56,"column":62}},"17":{"start":{"line":57,"column":6},"end":{"line":57,"column":18}},"18":{"start":{"line":60,"column":4},"end":{"line":68,"column":5}},"19":{"start":{"line":61,"column":6},"end":{"line":65,"column":7}},"20":{"start":{"line":62,"column":8},"end":{"line":62,"column":34}},"21":{"start":{"line":63,"column":8},"end":{"line":63,"column":67}},"22":{"start":{"line":64,"column":8},"end":{"line":64,"column":20}},"23":{"start":{"line":67,"column":6},"end":{"line":67,"column":25}},"24":{"start":{"line":70,"column":4},"end":{"line":70,"column":59}},"25":{"start":{"line":71,"column":4},"end":{"line":71,"column":23}},"26":{"start":{"line":83,"column":24},"end":{"line":83,"column":49}},"27":{"start":{"line":85,"column":4},"end":{"line":87,"column":5}},"28":{"start":{"line":86,"column":6},"end":{"line":86,"column":44}},"29":{"start":{"line":89,"column":18},"end":{"line":89,"column":44}},"30":{"start":{"line":92,"column":4},"end":{"line":94,"column":5}},"31":{"start":{"line":93,"column":6},"end":{"line":93,"column":31}},"32":{"start":{"line":96,"column":4},"end":{"line":101,"column":7}},"33":{"start":{"line":103,"column":4},"end":{"line":103,"column":68}},"34":{"start":{"line":114,"column":24},"end":{"line":114,"column":49}},"35":{"start":{"line":116,"column":4},"end":{"line":122,"column":5}},"36":{"start":{"line":117,"column":21},"end":{"line":117,"column":67}},"37":{"start":{"line":118,"column":6},"end":{"line":120,"column":7}},"38":{"start":{"line":119,"column":8},"end":{"line":119,"column":66}},"39":{"start":{"line":121,"column":6},"end":{"line":121,"column":20}},"40":{"start":{"line":123,"column":4},"end":{"line":123,"column":17}},"41":{"start":{"line":133,"column":4},"end":{"line":133,"column":44}},"42":{"start":{"line":133,"column":37},"end":{"line":133,"column":44}},"43":{"start":{"line":135,"column":18},"end":{"line":135,"column":44}},"44":{"start":{"line":136,"column":4},"end":{"line":140,"column":5}},"45":{"start":{"line":137,"column":6},"end":{"line":137,"column":20}},"46":{"start":{"line":138,"column":6},"end":{"line":138,"column":49}},"47":{"start":{"line":139,"column":6},"end":{"line":139,"column":13}},"48":{"start":{"line":143,"column":27},"end":{"line":143,"column":73}},"49":{"start":{"line":144,"column":18},"end":{"line":144,"column":44}},"50":{"start":{"line":145,"column":23},"end":{"line":145,"column":24}},"51":{"start":{"line":147,"column":4},"end":{"line":152,"column":5}},"52":{"start":{"line":148,"column":6},"end":{"line":151,"column":7}},"53":{"start":{"line":149,"column":8},"end":{"line":149,"column":26}},"54":{"start":{"line":150,"column":8},"end":{"line":150,"column":23}},"55":{"start":{"line":154,"column":4},"end":{"line":154,"column":84}},"56":{"start":{"line":164,"column":4},"end":{"line":164,"column":49}},"57":{"start":{"line":164,"column":37},"end":{"line":164,"column":49}},"58":{"start":{"line":166,"column":18},"end":{"line":166,"column":44}},"59":{"start":{"line":167,"column":18},"end":{"line":173,"column":5}},"60":{"start":{"line":175,"column":4},"end":{"line":175,"column":81}},"61":{"start":{"line":176,"column":4},"end":{"line":176,"column":17}},"62":{"start":{"line":184,"column":4},"end":{"line":184,"column":48}},"63":{"start":{"line":184,"column":33},"end":{"line":184,"column":46}},"64":{"start":{"line":185,"column":4},"end":{"line":185,"column":38}},"65":{"start":{"line":196,"column":4},"end":{"line":196,"column":48}},"66":{"start":{"line":207,"column":4},"end":{"line":207,"column":60}},"67":{"start":{"line":218,"column":20},"end":{"line":220,"column":58}},"68":{"start":{"line":219,"column":22},"end":{"line":219,"column":49}},"69":{"start":{"line":223,"column":4},"end":{"line":225,"column":5}},"70":{"start":{"line":224,"column":6},"end":{"line":224,"column":24}},"71":{"start":{"line":227,"column":4},"end":{"line":227,"column":77}},"72":{"start":{"line":232,"column":21},"end":{"line":238,"column":1}},"73":{"start":{"line":241,"column":21},"end":{"line":241,"column":51}},"74":{"start":{"line":253,"column":20},"end":{"line":259,"column":1}},"75":{"start":{"line":262,"column":0},"end":{"line":265,"column":2}}},"fnMap":{"0":{"name":"(anonymous_0)","decl":{"start":{"line":21,"column":2},"end":{"line":21,"column":3}},"loc":{"start":{"line":21,"column":28},"end":{"line":39,"column":3}},"line":21},"1":{"name":"(anonymous_1)","decl":{"start":{"line":48,"column":2},"end":{"line":48,"column":3}},"loc":{"start":{"line":48,"column":22},"end":{"line":72,"column":3}},"line":48},"2":{"name":"(anonymous_2)","decl":{"start":{"line":82,"column":2},"end":{"line":82,"column":3}},"loc":{"start":{"line":82,"column":52},"end":{"line":104,"column":3}},"line":82},"3":{"name":"(anonymous_3)","decl":{"start":{"line":113,"column":2},"end":{"line":113,"column":3}},"loc":{"start":{"line":113,"column":25},"end":{"line":124,"column":3}},"line":113},"4":{"name":"(anonymous_4)","decl":{"start":{"line":132,"column":2},"end":{"line":132,"column":3}},"loc":{"start":{"line":132,"column":35},"end":{"line":155,"column":3}},"line":132},"5":{"name":"(anonymous_5)","decl":{"start":{"line":163,"column":2},"end":{"line":163,"column":3}},"loc":{"start":{"line":163,"column":27},"end":{"line":177,"column":3}},"line":163},"6":{"name":"(anonymous_6)","decl":{"start":{"line":183,"column":2},"end":{"line":183,"column":3}},"loc":{"start":{"line":183,"column":13},"end":{"line":186,"column":3}},"line":183},"7":{"name":"(anonymous_7)","decl":{"start":{"line":184,"column":24},"end":{"line":184,"column":25}},"loc":{"start":{"line":184,"column":33},"end":{"line":184,"column":46}},"line":184},"8":{"name":"(anonymous_8)","decl":{"start":{"line":195,"column":2},"end":{"line":195,"column":3}},"loc":{"start":{"line":195,"column":38},"end":{"line":197,"column":3}},"line":195},"9":{"name":"(anonymous_9)","decl":{"start":{"line":206,"column":2},"end":{"line":206,"column":3}},"loc":{"start":{"line":206,"column":23},"end":{"line":208,"column":3}},"line":206},"10":{"name":"(anonymous_10)","decl":{"start":{"line":216,"column":2},"end":{"line":216,"column":3}},"loc":{"start":{"line":216,"column":22},"end":{"line":228,"column":3}},"line":216},"11":{"name":"(anonymous_11)","decl":{"start":{"line":219,"column":12},"end":{"line":219,"column":13}},"loc":{"start":{"line":219,"column":22},"end":{"line":219,"column":49}},"line":219}},"branchMap":{"0":{"loc":{"start":{"line":21,"column":14},"end":{"line":21,"column":26}},"type":"default-arg","locations":[{"start":{"line":21,"column":24},"end":{"line":21,"column":26}}],"line":21},"1":{"loc":{"start":{"line":24,"column":6},"end":{"line":24,"column":30}},"type":"binary-expr","locations":[{"start":{"line":24,"column":6},"end":{"line":24,"column":18}},{"start":{"line":24,"column":22},"end":{"line":24,"column":30}}],"line":24},"2":{"loc":{"start":{"line":29,"column":22},"end":{"line":29,"column":47}},"type":"binary-expr","locations":[{"start":{"line":29,"column":22},"end":{"line":29,"column":37}},{"start":{"line":29,"column":41},"end":{"line":29,"column":47}}],"line":29},"3":{"loc":{"start":{"line":30,"column":19},"end":{"line":30,"column":42}},"type":"binary-expr","locations":[{"start":{"line":30,"column":19},"end":{"line":30,"column":34}},{"start":{"line":30,"column":38},"end":{"line":30,"column":42}}],"line":30},"4":{"loc":{"start":{"line":32,"column":21},"end":{"line":32,"column":48}},"type":"binary-expr","locations":[{"start":{"line":32,"column":21},"end":{"line":32,"column":42}},{"start":{"line":32,"column":46},"end":{"line":32,"column":48}}],"line":32},"5":{"loc":{"start":{"line":51,"column":4},"end":{"line":51,"column":49}},"type":"if","locations":[{"start":{"line":51,"column":4},"end":{"line":51,"column":49}},{"start":{},"end":{}}],"line":51},"6":{"loc":{"start":{"line":55,"column":4},"end":{"line":58,"column":5}},"type":"if","locations":[{"start":{"line":55,"column":4},"end":{"line":58,"column":5}},{"start":{},"end":{}}],"line":55},"7":{"loc":{"start":{"line":60,"column":4},"end":{"line":68,"column":5}},"type":"if","locations":[{"start":{"line":60,"column":4},"end":{"line":68,"column":5}},{"start":{},"end":{}}],"line":60},"8":{"loc":{"start":{"line":61,"column":6},"end":{"line":65,"column":7}},"type":"if","locations":[{"start":{"line":61,"column":6},"end":{"line":65,"column":7}},{"start":{},"end":{}}],"line":61},"9":{"loc":{"start":{"line":82,"column":29},"end":{"line":82,"column":50}},"type":"default-arg","locations":[{"start":{"line":82,"column":35},"end":{"line":82,"column":50}}],"line":82},"10":{"loc":{"start":{"line":85,"column":4},"end":{"line":87,"column":5}},"type":"if","locations":[{"start":{"line":85,"column":4},"end":{"line":87,"column":5}},{"start":{},"end":{}}],"line":85},"11":{"loc":{"start":{"line":92,"column":4},"end":{"line":94,"column":5}},"type":"if","locations":[{"start":{"line":92,"column":4},"end":{"line":94,"column":5}},{"start":{},"end":{}}],"line":92},"12":{"loc":{"start":{"line":116,"column":4},"end":{"line":122,"column":5}},"type":"if","locations":[{"start":{"line":116,"column":4},"end":{"line":122,"column":5}},{"start":{},"end":{}}],"line":116},"13":{"loc":{"start":{"line":118,"column":6},"end":{"line":120,"column":7}},"type":"if","locations":[{"start":{"line":118,"column":6},"end":{"line":120,"column":7}},{"start":{},"end":{}}],"line":118},"14":{"loc":{"start":{"line":132,"column":19},"end":{"line":132,"column":33}},"type":"default-arg","locations":[{"start":{"line":132,"column":29},"end":{"line":132,"column":33}}],"line":132},"15":{"loc":{"start":{"line":133,"column":4},"end":{"line":133,"column":44}},"type":"if","locations":[{"start":{"line":133,"column":4},"end":{"line":133,"column":44}},{"start":{},"end":{}}],"line":133},"16":{"loc":{"start":{"line":136,"column":4},"end":{"line":140,"column":5}},"type":"if","locations":[{"start":{"line":136,"column":4},"end":{"line":140,"column":5}},{"start":{},"end":{}}],"line":136},"17":{"loc":{"start":{"line":148,"column":6},"end":{"line":151,"column":7}},"type":"if","locations":[{"start":{"line":148,"column":6},"end":{"line":151,"column":7}},{"start":{},"end":{}}],"line":148},"18":{"loc":{"start":{"line":164,"column":4},"end":{"line":164,"column":49}},"type":"if","locations":[{"start":{"line":164,"column":4},"end":{"line":164,"column":49}},{"start":{},"end":{}}],"line":164},"19":{"loc":{"start":{"line":207,"column":11},"end":{"line":207,"column":59}},"type":"cond-expr","locations":[{"start":{"line":207,"column":28},"end":{"line":207,"column":53}},{"start":{"line":207,"column":56},"end":{"line":207,"column":59}}],"line":207},"20":{"loc":{"start":{"line":233,"column":8},"end":{"line":233,"column":42}},"type":"binary-expr","locations":[{"start":{"line":233,"column":8},"end":{"line":233,"column":30}},{"start":{"line":233,"column":34},"end":{"line":233,"column":42}}],"line":233},"21":{"loc":{"start":{"line":234,"column":7},"end":{"line":234,"column":56}},"type":"binary-expr","locations":[{"start":{"line":234,"column":7},"end":{"line":234,"column":46}},{"start":{"line":234,"column":50},"end":{"line":234,"column":56}}],"line":234},"22":{"loc":{"start":{"line":235,"column":7},"end":{"line":235,"column":51}},"type":"binary-expr","locations":[{"start":{"line":235,"column":7},"end":{"line":235,"column":43}},{"start":{"line":235,"column":47},"end":{"line":235,"column":51}}],"line":235},"23":{"loc":{"start":{"line":237,"column":13},"end":{"line":237,"column":47}},"type":"binary-expr","locations":[{"start":{"line":237,"column":13},"end":{"line":237,"column":41}},{"start":{"line":237,"column":45},"end":{"line":237,"column":47}}],"line":237}},"s":{"0":1,"1":1,"2":1,"3":1,"4":1,"5":1,"6":1,"7":1,"8":1,"9":1,"10":0,"11":0,"12":0,"13":0,"14":0,"15":0,"16":0,"17":0,"18":0,"19":0,"20":0,"21":0,"22":0,"23":0,"24":0,"25":0,"26":0,"27":0,"28":0,"29":0,"30":0,"31":0,"32":0,"33":0,"34":0,"35":0,"36":0,"37":0,"38":0,"39":0,"40":0,"41":0,"42":0,"43":0,"44":0,"45":0,"46":0,"47":0,"48":0,"49":0,"50":0,"51":0,"52":0,"53":0,"54":0,"55":0,"56":0,"57":0,"58":0,"59":0,"60":0,"61":0,"62":0,"63":0,"64":0,"65":0,"66":0,"67":0,"68":0,"69":0,"70":0,"71":0,"72":1,"73":1,"74":1,"75":1},"f":{"0":1,"1":0,"2":0,"3":0,"4":0,"5":0,"6":0,"7":0,"8":0,"9":0,"10":0,"11":0},"b":{"0":[0],"1":[1,0],"2":[1,0],"3":[1,0],"4":[1,1],"5":[0,0],"6":[0,0],"7":[0,0],"8":[0,0],"9":[0],"10":[0,0],"11":[0,0],"12":[0,0],"13":[0,0],"14":[0],"15":[0,0],"16":[0,0],"17":[0,0],"18":[0,0],"19":[0,0],"20":[1,1],"21":[1,1],"22":[1,1],"23":[1,1]},"_coverageSchema":"1a1c01bbd47fc00a2c39e90264f33305004495a9","hash":"2966b92e25078d56326f261d09bb4249eefb1f6a"}
,"/Users/nczitzer/WebstormProjects/archive-pulseplus-archive/backend/utils/configEncryption.js": {"path":"/Users/nczitzer/WebstormProjects/archive-pulseplus-archive/backend/utils/configEncryption.js","statementMap":{"0":{"start":{"line":7,"column":15},"end":{"line":7,"column":32}},"1":{"start":{"line":8,"column":11},"end":{"line":8,"column":24}},"2":{"start":{"line":9,"column":13},"end":{"line":9,"column":28}},"3":{"start":{"line":12,"column":18},"end":{"line":12,"column":31}},"4":{"start":{"line":13,"column":19},"end":{"line":13,"column":21}},"5":{"start":{"line":14,"column":18},"end":{"line":14,"column":20}},"6":{"start":{"line":15,"column":24},"end":{"line":15,"column":26}},"7":{"start":{"line":28,"column":4},"end":{"line":28,"column":56}},"8":{"start":{"line":40,"column":4},"end":{"line":47,"column":5}},"9":{"start":{"line":41,"column":21},"end":{"line":41,"column":47}},"10":{"start":{"line":42,"column":18},"end":{"line":42,"column":37}},"11":{"start":{"line":43,"column":6},"end":{"line":45,"column":7}},"12":{"start":{"line":44,"column":8},"end":{"line":44,"column":79}},"13":{"start":{"line":46,"column":6},"end":{"line":46,"column":37}},"14":{"start":{"line":50,"column":4},"end":{"line":58,"column":5}},"15":{"start":{"line":51,"column":22},"end":{"line":51,"column":49}},"16":{"start":{"line":52,"column":6},"end":{"line":54,"column":7}},"17":{"start":{"line":53,"column":8},"end":{"line":53,"column":65}},"18":{"start":{"line":55,"column":6},"end":{"line":55,"column":38}},"19":{"start":{"line":57,"column":6},"end":{"line":57,"column":69}},"20":{"start":{"line":68,"column":16},"end":{"line":68,"column":46}},"21":{"start":{"line":69,"column":19},"end":{"line":69,"column":38}},"22":{"start":{"line":71,"column":4},"end":{"line":74,"column":5}},"23":{"start":{"line":72,"column":6},"end":{"line":72,"column":40}},"24":{"start":{"line":73,"column":6},"end":{"line":73,"column":55}},"25":{"start":{"line":76,"column":4},"end":{"line":76,"column":18}},"26":{"start":{"line":86,"column":4},"end":{"line":86,"column":29}},"27":{"start":{"line":86,"column":16},"end":{"line":86,"column":29}},"28":{"start":{"line":88,"column":15},"end":{"line":88,"column":44}},"29":{"start":{"line":89,"column":19},"end":{"line":89,"column":71}},"30":{"start":{"line":91,"column":20},"end":{"line":91,"column":55}},"31":{"start":{"line":92,"column":4},"end":{"line":92,"column":37}},"32":{"start":{"line":94,"column":20},"end":{"line":94,"column":39}},"33":{"start":{"line":96,"column":4},"end":{"line":96,"column":75}},"34":{"start":{"line":106,"column":4},"end":{"line":106,"column":80}},"35":{"start":{"line":106,"column":58},"end":{"line":106,"column":80}},"36":{"start":{"line":108,"column":47},"end":{"line":108,"column":72}},"37":{"start":{"line":110,"column":15},"end":{"line":110,"column":40}},"38":{"start":{"line":111,"column":20},"end":{"line":111,"column":50}},"39":{"start":{"line":113,"column":21},"end":{"line":113,"column":75}},"40":{"start":{"line":114,"column":4},"end":{"line":114,"column":33}},"41":{"start":{"line":116,"column":20},"end":{"line":116,"column":65}},"42":{"start":{"line":117,"column":4},"end":{"line":117,"column":40}},"43":{"start":{"line":119,"column":4},"end":{"line":119,"column":21}},"44":{"start":{"line":129,"column":4},"end":{"line":129,"column":58}},"45":{"start":{"line":129,"column":45},"end":{"line":129,"column":58}},"46":{"start":{"line":133,"column":18},"end":{"line":133,"column":34}},"47":{"start":{"line":134,"column":4},"end":{"line":136,"column":51}},"48":{"start":{"line":140,"column":0},"end":{"line":140,"column":34}}},"fnMap":{"0":{"name":"(anonymous_0)","decl":{"start":{"line":27,"column":2},"end":{"line":27,"column":3}},"loc":{"start":{"line":27,"column":29},"end":{"line":29,"column":3}},"line":27},"1":{"name":"(anonymous_1)","decl":{"start":{"line":38,"column":2},"end":{"line":38,"column":3}},"loc":{"start":{"line":38,"column":32},"end":{"line":59,"column":3}},"line":38},"2":{"name":"(anonymous_2)","decl":{"start":{"line":67,"column":2},"end":{"line":67,"column":3}},"loc":{"start":{"line":67,"column":39},"end":{"line":77,"column":3}},"line":67},"3":{"name":"(anonymous_3)","decl":{"start":{"line":85,"column":2},"end":{"line":85,"column":3}},"loc":{"start":{"line":85,"column":17},"end":{"line":97,"column":3}},"line":85},"4":{"name":"(anonymous_4)","decl":{"start":{"line":105,"column":2},"end":{"line":105,"column":3}},"loc":{"start":{"line":105,"column":26},"end":{"line":120,"column":3}},"line":105},"5":{"name":"(anonymous_5)","decl":{"start":{"line":128,"column":2},"end":{"line":128,"column":3}},"loc":{"start":{"line":128,"column":21},"end":{"line":137,"column":3}},"line":128}},"branchMap":{"0":{"loc":{"start":{"line":40,"column":4},"end":{"line":47,"column":5}},"type":"if","locations":[{"start":{"line":40,"column":4},"end":{"line":47,"column":5}},{"start":{},"end":{}}],"line":40},"1":{"loc":{"start":{"line":43,"column":6},"end":{"line":45,"column":7}},"type":"if","locations":[{"start":{"line":43,"column":6},"end":{"line":45,"column":7}},{"start":{},"end":{}}],"line":43},"2":{"loc":{"start":{"line":52,"column":6},"end":{"line":54,"column":7}},"type":"if","locations":[{"start":{"line":52,"column":6},"end":{"line":54,"column":7}},{"start":{},"end":{}}],"line":52},"3":{"loc":{"start":{"line":71,"column":4},"end":{"line":74,"column":5}},"type":"if","locations":[{"start":{"line":71,"column":4},"end":{"line":74,"column":5}},{"start":{},"end":{}}],"line":71},"4":{"loc":{"start":{"line":86,"column":4},"end":{"line":86,"column":29}},"type":"if","locations":[{"start":{"line":86,"column":4},"end":{"line":86,"column":29}},{"start":{},"end":{}}],"line":86},"5":{"loc":{"start":{"line":106,"column":4},"end":{"line":106,"column":80}},"type":"if","locations":[{"start":{"line":106,"column":4},"end":{"line":106,"column":80}},{"start":{},"end":{}}],"line":106},"6":{"loc":{"start":{"line":106,"column":8},"end":{"line":106,"column":56}},"type":"binary-expr","locations":[{"start":{"line":106,"column":8},"end":{"line":106,"column":23}},{"start":{"line":106,"column":27},"end":{"line":106,"column":56}}],"line":106},"7":{"loc":{"start":{"line":129,"column":4},"end":{"line":129,"column":58}},"type":"if","locations":[{"start":{"line":129,"column":4},"end":{"line":129,"column":58}},{"start":{},"end":{}}],"line":129},"8":{"loc":{"start":{"line":129,"column":8},"end":{"line":129,"column":43}},"type":"binary-expr","locations":[{"start":{"line":129,"column":8},"end":{"line":129,"column":14}},{"start":{"line":129,"column":18},"end":{"line":129,"column":43}}],"line":129},"9":{"loc":{"start":{"line":134,"column":11},"end":{"line":136,"column":50}},"type":"binary-expr","locations":[{"start":{"line":134,"column":11},"end":{"line":134,"column":29}},{"start":{"line":135,"column":11},"end":{"line":135,"column":44}},{"start":{"line":136,"column":11},"end":{"line":136,"column":50}}],"line":134}},"s":{"0":1,"1":1,"2":1,"3":1,"4":1,"5":1,"6":1,"7":0,"8":0,"9":0,"10":0,"11":0,"12":0,"13":0,"14":0,"15":0,"16":0,"17":0,"18":0,"19":0,"20":0,"21":0,"22":0,"23":0,"24":0,"25":0,"26":0,"27":0,"28":0,"29":0,"30":0,"31":0,"32":0,"33":0,"34":0,"35":0,"36":0,"37":0,"38":0,"39":0,"40":0,"41":0,"42":0,"43":0,"44":0,"45":0,"46":0,"47":0,"48":1},"f":{"0":0,"1":0,"2":0,"3":0,"4":0,"5":0},"b":{"0":[0,0],"1":[0,0],"2":[0,0],"3":[0,0],"4":[0,0],"5":[0,0],"6":[0,0],"7":[0,0],"8":[0,0],"9":[0,0,0]},"_coverageSchema":"1a1c01bbd47fc00a2c39e90264f33305004495a9","hash":"c1b9a2896f082b1f0bc5b02eacd00aaa37c40824"}
,"/Users/nczitzer/WebstormProjects/archive-pulseplus-archive/backend/utils/configFactory.js": {"path":"/Users/nczitzer/WebstormProjects/archive-pulseplus-archive/backend/utils/configFactory.js","statementMap":{"0":{"start":{"line":7,"column":15},"end":{"line":7,"column":34}},"1":{"start":{"line":8,"column":15},"end":{"line":8,"column":35}},"2":{"start":{"line":22,"column":4},"end":{"line":42,"column":6}},"3":{"start":{"line":52,"column":4},"end":{"line":62,"column":6}},"4":{"start":{"line":57,"column":32},"end":{"line":57,"column":59}},"5":{"start":{"line":72,"column":4},"end":{"line":86,"column":6}},"6":{"start":{"line":97,"column":25},"end":{"line":110,"column":5}},"7":{"start":{"line":112,"column":4},"end":{"line":112,"column":58}},"8":{"start":{"line":123,"column":24},"end":{"line":123,"column":61}},"9":{"start":{"line":126,"column":26},"end":{"line":131,"column":5}},"10":{"start":{"line":133,"column":4},"end":{"line":141,"column":6}},"11":{"start":{"line":151,"column":4},"end":{"line":186,"column":6}},"12":{"start":{"line":190,"column":0},"end":{"line":190,"column":31}}},"fnMap":{"0":{"name":"(anonymous_0)","decl":{"start":{"line":21,"column":2},"end":{"line":21,"column":3}},"loc":{"start":{"line":21,"column":44},"end":{"line":43,"column":3}},"line":21},"1":{"name":"(anonymous_1)","decl":{"start":{"line":51,"column":2},"end":{"line":51,"column":3}},"loc":{"start":{"line":51,"column":41},"end":{"line":63,"column":3}},"line":51},"2":{"name":"(anonymous_2)","decl":{"start":{"line":57,"column":21},"end":{"line":57,"column":22}},"loc":{"start":{"line":57,"column":32},"end":{"line":57,"column":59}},"line":57},"3":{"name":"(anonymous_3)","decl":{"start":{"line":71,"column":2},"end":{"line":71,"column":3}},"loc":{"start":{"line":71,"column":41},"end":{"line":87,"column":3}},"line":71},"4":{"name":"(anonymous_4)","decl":{"start":{"line":96,"column":2},"end":{"line":96,"column":3}},"loc":{"start":{"line":96,"column":63},"end":{"line":113,"column":3}},"line":96},"5":{"name":"(anonymous_5)","decl":{"start":{"line":122,"column":2},"end":{"line":122,"column":3}},"loc":{"start":{"line":122,"column":52},"end":{"line":142,"column":3}},"line":122},"6":{"name":"(anonymous_6)","decl":{"start":{"line":150,"column":2},"end":{"line":150,"column":3}},"loc":{"start":{"line":150,"column":44},"end":{"line":187,"column":3}},"line":150}},"branchMap":{"0":{"loc":{"start":{"line":21,"column":30},"end":{"line":21,"column":42}},"type":"default-arg","locations":[{"start":{"line":21,"column":40},"end":{"line":21,"column":42}}],"line":21},"1":{"loc":{"start":{"line":28,"column":11},"end":{"line":33,"column":19}},"type":"cond-expr","locations":[{"start":{"line":28,"column":35},"end":{"line":33,"column":7}},{"start":{"line":33,"column":10},"end":{"line":33,"column":19}}],"line":28},"2":{"loc":{"start":{"line":35,"column":11},"end":{"line":35,"column":39}},"type":"binary-expr","locations":[{"start":{"line":35,"column":11},"end":{"line":35,"column":33}},{"start":{"line":35,"column":37},"end":{"line":35,"column":39}}],"line":35},"3":{"loc":{"start":{"line":36,"column":11},"end":{"line":36,"column":38}},"type":"binary-expr","locations":[{"start":{"line":36,"column":11},"end":{"line":36,"column":33}},{"start":{"line":36,"column":37},"end":{"line":36,"column":38}}],"line":36},"4":{"loc":{"start":{"line":37,"column":25},"end":{"line":37,"column":53}},"type":"binary-expr","locations":[{"start":{"line":37,"column":25},"end":{"line":37,"column":44}},{"start":{"line":37,"column":48},"end":{"line":37,"column":53}}],"line":37},"5":{"loc":{"start":{"line":38,"column":31},"end":{"line":38,"column":64}},"type":"binary-expr","locations":[{"start":{"line":38,"column":31},"end":{"line":38,"column":56}},{"start":{"line":38,"column":60},"end":{"line":38,"column":64}}],"line":38},"6":{"loc":{"start":{"line":51,"column":27},"end":{"line":51,"column":39}},"type":"default-arg","locations":[{"start":{"line":51,"column":37},"end":{"line":51,"column":39}}],"line":51},"7":{"loc":{"start":{"line":58,"column":28},"end":{"line":58,"column":61}},"type":"binary-expr","locations":[{"start":{"line":58,"column":28},"end":{"line":58,"column":56}},{"start":{"line":58,"column":60},"end":{"line":58,"column":61}}],"line":58},"8":{"loc":{"start":{"line":71,"column":27},"end":{"line":71,"column":39}},"type":"default-arg","locations":[{"start":{"line":71,"column":37},"end":{"line":71,"column":39}}],"line":71},"9":{"loc":{"start":{"line":80,"column":14},"end":{"line":80,"column":89}},"type":"cond-expr","locations":[{"start":{"line":80,"column":45},"end":{"line":80,"column":59}},{"start":{"line":80,"column":63},"end":{"line":80,"column":88}}],"line":80},"10":{"loc":{"start":{"line":96,"column":27},"end":{"line":96,"column":47}},"type":"default-arg","locations":[{"start":{"line":96,"column":39},"end":{"line":96,"column":47}}],"line":96},"11":{"loc":{"start":{"line":96,"column":49},"end":{"line":96,"column":61}},"type":"default-arg","locations":[{"start":{"line":96,"column":59},"end":{"line":96,"column":61}}],"line":96},"12":{"loc":{"start":{"line":100,"column":13},"end":{"line":100,"column":32}},"type":"binary-expr","locations":[{"start":{"line":100,"column":13},"end":{"line":100,"column":24}},{"start":{"line":100,"column":28},"end":{"line":100,"column":32}}],"line":100},"13":{"loc":{"start":{"line":101,"column":13},"end":{"line":101,"column":37}},"type":"binary-expr","locations":[{"start":{"line":101,"column":13},"end":{"line":101,"column":24}},{"start":{"line":101,"column":28},"end":{"line":101,"column":37}}],"line":101},"14":{"loc":{"start":{"line":106,"column":43},"end":{"line":106,"column":62}},"type":"binary-expr","locations":[{"start":{"line":106,"column":43},"end":{"line":106,"column":56}},{"start":{"line":106,"column":60},"end":{"line":106,"column":62}}],"line":106},"15":{"loc":{"start":{"line":107,"column":13},"end":{"line":107,"column":37}},"type":"binary-expr","locations":[{"start":{"line":107,"column":13},"end":{"line":107,"column":24}},{"start":{"line":107,"column":28},"end":{"line":107,"column":37}}],"line":107},"16":{"loc":{"start":{"line":108,"column":19},"end":{"line":108,"column":48}},"type":"binary-expr","locations":[{"start":{"line":108,"column":19},"end":{"line":108,"column":36}},{"start":{"line":108,"column":40},"end":{"line":108,"column":48}}],"line":108},"17":{"loc":{"start":{"line":112,"column":11},"end":{"line":112,"column":57}},"type":"binary-expr","locations":[{"start":{"line":112,"column":11},"end":{"line":112,"column":34}},{"start":{"line":112,"column":38},"end":{"line":112,"column":57}}],"line":112},"18":{"loc":{"start":{"line":122,"column":38},"end":{"line":122,"column":50}},"type":"default-arg","locations":[{"start":{"line":122,"column":48},"end":{"line":122,"column":50}}],"line":122},"19":{"loc":{"start":{"line":123,"column":24},"end":{"line":123,"column":61}},"type":"binary-expr","locations":[{"start":{"line":123,"column":24},"end":{"line":123,"column":44}},{"start":{"line":123,"column":48},"end":{"line":123,"column":61}}],"line":123},"20":{"loc":{"start":{"line":134,"column":16},"end":{"line":134,"column":37}},"type":"binary-expr","locations":[{"start":{"line":134,"column":16},"end":{"line":134,"column":24}},{"start":{"line":134,"column":28},"end":{"line":134,"column":37}}],"line":134},"21":{"loc":{"start":{"line":135,"column":13},"end":{"line":135,"column":66}},"type":"binary-expr","locations":[{"start":{"line":135,"column":13},"end":{"line":135,"column":26}},{"start":{"line":135,"column":30},"end":{"line":135,"column":56}},{"start":{"line":135,"column":60},"end":{"line":135,"column":66}}],"line":135},"22":{"loc":{"start":{"line":136,"column":14},"end":{"line":136,"column":38}},"type":"binary-expr","locations":[{"start":{"line":136,"column":14},"end":{"line":136,"column":28}},{"start":{"line":136,"column":32},"end":{"line":136,"column":38}}],"line":136},"23":{"loc":{"start":{"line":138,"column":16},"end":{"line":138,"column":75}},"type":"binary-expr","locations":[{"start":{"line":138,"column":16},"end":{"line":138,"column":42}},{"start":{"line":138,"column":46},"end":{"line":138,"column":75}}],"line":138},"24":{"loc":{"start":{"line":150,"column":30},"end":{"line":150,"column":42}},"type":"default-arg","locations":[{"start":{"line":150,"column":40},"end":{"line":150,"column":42}}],"line":150},"25":{"loc":{"start":{"line":157,"column":16},"end":{"line":157,"column":41}},"type":"binary-expr","locations":[{"start":{"line":157,"column":16},"end":{"line":157,"column":34}},{"start":{"line":157,"column":38},"end":{"line":157,"column":41}}],"line":157},"26":{"loc":{"start":{"line":158,"column":17},"end":{"line":158,"column":81}},"type":"binary-expr","locations":[{"start":{"line":158,"column":17},"end":{"line":158,"column":36}},{"start":{"line":158,"column":40},"end":{"line":158,"column":81}}],"line":158},"27":{"loc":{"start":{"line":159,"column":24},"end":{"line":159,"column":80}},"type":"binary-expr","locations":[{"start":{"line":159,"column":24},"end":{"line":159,"column":43}},{"start":{"line":159,"column":47},"end":{"line":159,"column":80}}],"line":159},"28":{"loc":{"start":{"line":163,"column":18},"end":{"line":163,"column":59}},"type":"binary-expr","locations":[{"start":{"line":163,"column":18},"end":{"line":163,"column":41}},{"start":{"line":163,"column":45},"end":{"line":163,"column":59}}],"line":163},"29":{"loc":{"start":{"line":164,"column":13},"end":{"line":164,"column":40}},"type":"binary-expr","locations":[{"start":{"line":164,"column":13},"end":{"line":164,"column":33}},{"start":{"line":164,"column":37},"end":{"line":164,"column":40}}],"line":164}},"s":{"0":5,"1":5,"2":0,"3":3,"4":0,"5":1,"6":1,"7":1,"8":0,"9":0,"10":0,"11":0,"12":5},"f":{"0":0,"1":3,"2":0,"3":1,"4":1,"5":0,"6":0},"b":{"0":[0],"1":[0,0],"2":[0,0],"3":[0,0],"4":[0,0],"5":[0,0],"6":[0],"7":[3,1],"8":[0],"9":[1,0],"10":[0],"11":[0],"12":[1,0],"13":[1,0],"14":[1,1],"15":[1,0],"16":[1,1],"17":[1,0],"18":[0],"19":[0,0],"20":[0,0],"21":[0,0,0],"22":[0,0],"23":[0,0],"24":[0],"25":[0,0],"26":[0,0],"27":[0,0],"28":[0,0],"29":[0,0]},"_coverageSchema":"1a1c01bbd47fc00a2c39e90264f33305004495a9","hash":"05d639c329b045a647c8371d1d10be0dae9f4361"}
,"/Users/nczitzer/WebstormProjects/archive-pulseplus-archive/backend/utils/configValidator.js": {"path":"/Users/nczitzer/WebstormProjects/archive-pulseplus-archive/backend/utils/configValidator.js","statementMap":{"0":{"start":{"line":7,"column":12},"end":{"line":7,"column":26}},"1":{"start":{"line":13,"column":21},"end":{"line":18,"column":1}},"2":{"start":{"line":25,"column":26},"end":{"line":115,"column":1}},"3":{"start":{"line":132,"column":26},"end":{"line":132,"column":51}},"4":{"start":{"line":135,"column":22},"end":{"line":135,"column":101}},"5":{"start":{"line":138,"column":25},"end":{"line":140,"column":6}},"6":{"start":{"line":143,"column":4},"end":{"line":152,"column":5}},"7":{"start":{"line":144,"column":6},"end":{"line":151,"column":7}},"8":{"start":{"line":145,"column":8},"end":{"line":150,"column":11}},"9":{"start":{"line":146,"column":10},"end":{"line":148,"column":11}},"10":{"start":{"line":147,"column":12},"end":{"line":147,"column":35}},"11":{"start":{"line":149,"column":10},"end":{"line":149,"column":19}},"12":{"start":{"line":155,"column":29},"end":{"line":158,"column":6}},"13":{"start":{"line":160,"column":4},"end":{"line":163,"column":5}},"14":{"start":{"line":161,"column":22},"end":{"line":161,"column":76}},"15":{"start":{"line":161,"column":50},"end":{"line":161,"column":64}},"16":{"start":{"line":162,"column":6},"end":{"line":162,"column":102}},"17":{"start":{"line":165,"column":4},"end":{"line":165,"column":17}},"18":{"start":{"line":176,"column":24},"end":{"line":176,"column":61}},"19":{"start":{"line":177,"column":4},"end":{"line":177,"column":57}},"20":{"start":{"line":181,"column":0},"end":{"line":184,"column":2}}},"fnMap":{"0":{"name":"(anonymous_0)","decl":{"start":{"line":130,"column":2},"end":{"line":130,"column":3}},"loc":{"start":{"line":130,"column":79},"end":{"line":166,"column":3}},"line":130},"1":{"name":"(anonymous_1)","decl":{"start":{"line":145,"column":66},"end":{"line":145,"column":67}},"loc":{"start":{"line":145,"column":71},"end":{"line":150,"column":9}},"line":145},"2":{"name":"(anonymous_2)","decl":{"start":{"line":161,"column":40},"end":{"line":161,"column":41}},"loc":{"start":{"line":161,"column":50},"end":{"line":161,"column":64}},"line":161},"3":{"name":"(anonymous_3)","decl":{"start":{"line":175,"column":2},"end":{"line":175,"column":3}},"loc":{"start":{"line":175,"column":37},"end":{"line":178,"column":3}},"line":175}},"branchMap":{"0":{"loc":{"start":{"line":130,"column":26},"end":{"line":130,"column":77}},"type":"default-arg","locations":[{"start":{"line":130,"column":40},"end":{"line":130,"column":77}}],"line":130},"1":{"loc":{"start":{"line":130,"column":40},"end":{"line":130,"column":77}},"type":"binary-expr","locations":[{"start":{"line":130,"column":40},"end":{"line":130,"column":60}},{"start":{"line":130,"column":64},"end":{"line":130,"column":77}}],"line":130},"2":{"loc":{"start":{"line":135,"column":22},"end":{"line":135,"column":101}},"type":"binary-expr","locations":[{"start":{"line":135,"column":22},"end":{"line":135,"column":54}},{"start":{"line":135,"column":58},"end":{"line":135,"column":101}}],"line":135},"3":{"loc":{"start":{"line":144,"column":6},"end":{"line":151,"column":7}},"type":"if","locations":[{"start":{"line":144,"column":6},"end":{"line":151,"column":7}},{"start":{},"end":{}}],"line":144},"4":{"loc":{"start":{"line":146,"column":10},"end":{"line":148,"column":11}},"type":"if","locations":[{"start":{"line":146,"column":10},"end":{"line":148,"column":11}},{"start":{},"end":{}}],"line":146},"5":{"loc":{"start":{"line":160,"column":4},"end":{"line":163,"column":5}},"type":"if","locations":[{"start":{"line":160,"column":4},"end":{"line":163,"column":5}},{"start":{},"end":{}}],"line":160},"6":{"loc":{"start":{"line":176,"column":24},"end":{"line":176,"column":61}},"type":"binary-expr","locations":[{"start":{"line":176,"column":24},"end":{"line":176,"column":44}},{"start":{"line":176,"column":48},"end":{"line":176,"column":61}}],"line":176}},"s":{"0":1,"1":1,"2":1,"3":0,"4":0,"5":0,"6":0,"7":0,"8":0,"9":0,"10":0,"11":0,"12":0,"13":0,"14":0,"15":0,"16":0,"17":0,"18":0,"19":0,"20":1},"f":{"0":0,"1":0,"2":0,"3":0},"b":{"0":[0],"1":[0,0],"2":[0,0],"3":[0,0],"4":[0,0],"5":[0,0],"6":[0,0]},"_coverageSchema":"1a1c01bbd47fc00a2c39e90264f33305004495a9","hash":"f69b839c910f65d27c2ce594e4fa7f8ecf5f3cf8"}
,"/Users/nczitzer/WebstormProjects/archive-pulseplus-archive/backend/utils/configVersioning.js": {"path":"/Users/nczitzer/WebstormProjects/archive-pulseplus-archive/backend/utils/configVersioning.js","statementMap":{"0":{"start":{"line":9,"column":11},"end":{"line":9,"column":24}},"1":{"start":{"line":10,"column":13},"end":{"line":10,"column":28}},"2":{"start":{"line":11,"column":15},"end":{"line":11,"column":32}},"3":{"start":{"line":12,"column":15},"end":{"line":12,"column":34}},"4":{"start":{"line":28,"column":4},"end":{"line":34,"column":6}},"5":{"start":{"line":37,"column":4},"end":{"line":39,"column":5}},"6":{"start":{"line":38,"column":6},"end":{"line":38,"column":65}},"7":{"start":{"line":50,"column":22},"end":{"line":50,"column":71}},"8":{"start":{"line":51,"column":4},"end":{"line":51,"column":71}},"9":{"start":{"line":62,"column":25},"end":{"line":62,"column":59}},"10":{"start":{"line":64,"column":23},"end":{"line":79,"column":5}},"11":{"start":{"line":65,"column":6},"end":{"line":65,"column":50}},"12":{"start":{"line":65,"column":43},"end":{"line":65,"column":50}},"13":{"start":{"line":67,"column":6},"end":{"line":78,"column":9}},"14":{"start":{"line":69,"column":28},"end":{"line":71,"column":9}},"15":{"start":{"line":70,"column":26},"end":{"line":70,"column":80}},"16":{"start":{"line":73,"column":8},"end":{"line":77,"column":9}},"17":{"start":{"line":74,"column":10},"end":{"line":74,"column":36}},"18":{"start":{"line":75,"column":15},"end":{"line":77,"column":9}},"19":{"start":{"line":76,"column":10},"end":{"line":76,"column":31}},"20":{"start":{"line":81,"column":4},"end":{"line":81,"column":29}},"21":{"start":{"line":82,"column":4},"end":{"line":82,"column":24}},"22":{"start":{"line":93,"column":4},"end":{"line":96,"column":5}},"23":{"start":{"line":94,"column":6},"end":{"line":94,"column":59}},"24":{"start":{"line":95,"column":6},"end":{"line":95,"column":18}},"25":{"start":{"line":98,"column":4},"end":{"line":132,"column":5}},"26":{"start":{"line":100,"column":24},"end":{"line":100,"column":55}},"27":{"start":{"line":103,"column":26},"end":{"line":109,"column":7}},"28":{"start":{"line":112,"column":27},"end":{"line":112,"column":60}},"29":{"start":{"line":115,"column":26},"end":{"line":118,"column":7}},"30":{"start":{"line":121,"column":26},"end":{"line":121,"column":81}},"31":{"start":{"line":122,"column":6},"end":{"line":122,"column":74}},"32":{"start":{"line":125,"column":6},"end":{"line":125,"column":44}},"33":{"start":{"line":127,"column":6},"end":{"line":127,"column":62}},"34":{"start":{"line":128,"column":6},"end":{"line":128,"column":25}},"35":{"start":{"line":130,"column":6},"end":{"line":130,"column":77}},"36":{"start":{"line":131,"column":6},"end":{"line":131,"column":18}},"37":{"start":{"line":142,"column":22},"end":{"line":142,"column":70}},"38":{"start":{"line":143,"column":16},"end":{"line":143,"column":18}},"39":{"start":{"line":146,"column":4},"end":{"line":152,"column":5}},"40":{"start":{"line":147,"column":6},"end":{"line":151,"column":7}},"41":{"start":{"line":148,"column":8},"end":{"line":148,"column":63}},"42":{"start":{"line":150,"column":8},"end":{"line":150,"column":72}},"43":{"start":{"line":155,"column":4},"end":{"line":155,"column":31}},"44":{"start":{"line":158,"column":4},"end":{"line":160,"column":5}},"45":{"start":{"line":159,"column":6},"end":{"line":159,"column":34}},"46":{"start":{"line":163,"column":4},"end":{"line":163,"column":64}},"47":{"start":{"line":173,"column":4},"end":{"line":176,"column":5}},"48":{"start":{"line":174,"column":6},"end":{"line":174,"column":59}},"49":{"start":{"line":175,"column":6},"end":{"line":175,"column":16}},"50":{"start":{"line":178,"column":4},"end":{"line":190,"column":5}},"51":{"start":{"line":179,"column":24},"end":{"line":179,"column":72}},"52":{"start":{"line":181,"column":6},"end":{"line":183,"column":7}},"53":{"start":{"line":182,"column":8},"end":{"line":182,"column":18}},"54":{"start":{"line":185,"column":20},"end":{"line":185,"column":66}},"55":{"start":{"line":186,"column":6},"end":{"line":186,"column":35}},"56":{"start":{"line":188,"column":6},"end":{"line":188,"column":70}},"57":{"start":{"line":189,"column":6},"end":{"line":189,"column":16}},"58":{"start":{"line":200,"column":4},"end":{"line":203,"column":5}},"59":{"start":{"line":201,"column":6},"end":{"line":201,"column":59}},"60":{"start":{"line":202,"column":6},"end":{"line":202,"column":18}},"61":{"start":{"line":205,"column":4},"end":{"line":217,"column":5}},"62":{"start":{"line":206,"column":26},"end":{"line":206,"column":81}},"63":{"start":{"line":208,"column":6},"end":{"line":211,"column":7}},"64":{"start":{"line":209,"column":8},"end":{"line":209,"column":54}},"65":{"start":{"line":210,"column":8},"end":{"line":210,"column":20}},"66":{"start":{"line":213,"column":6},"end":{"line":213,"column":62}},"67":{"start":{"line":215,"column":6},"end":{"line":215,"column":75}},"68":{"start":{"line":216,"column":6},"end":{"line":216,"column":18}},"69":{"start":{"line":228,"column":4},"end":{"line":231,"column":5}},"70":{"start":{"line":229,"column":6},"end":{"line":229,"column":59}},"71":{"start":{"line":230,"column":6},"end":{"line":230,"column":18}},"72":{"start":{"line":233,"column":4},"end":{"line":262,"column":5}},"73":{"start":{"line":234,"column":23},"end":{"line":234,"column":50}},"74":{"start":{"line":235,"column":23},"end":{"line":235,"column":50}},"75":{"start":{"line":237,"column":6},"end":{"line":239,"column":7}},"76":{"start":{"line":238,"column":8},"end":{"line":238,"column":20}},"77":{"start":{"line":242,"column":19},"end":{"line":256,"column":7}},"78":{"start":{"line":258,"column":6},"end":{"line":258,"column":18}},"79":{"start":{"line":260,"column":6},"end":{"line":260,"column":67}},"80":{"start":{"line":261,"column":6},"end":{"line":261,"column":18}},"81":{"start":{"line":274,"column":17},"end":{"line":274,"column":19}},"82":{"start":{"line":277,"column":4},"end":{"line":305,"column":7}},"83":{"start":{"line":279,"column":6},"end":{"line":285,"column":7}},"84":{"start":{"line":280,"column":8},"end":{"line":283,"column":10}},"85":{"start":{"line":284,"column":8},"end":{"line":284,"column":15}},"86":{"start":{"line":288,"column":6},"end":{"line":304,"column":7}},"87":{"start":{"line":291,"column":27},"end":{"line":291,"column":66}},"88":{"start":{"line":292,"column":8},"end":{"line":297,"column":9}},"89":{"start":{"line":293,"column":10},"end":{"line":296,"column":12}},"90":{"start":{"line":298,"column":13},"end":{"line":304,"column":7}},"91":{"start":{"line":299,"column":8},"end":{"line":303,"column":10}},"92":{"start":{"line":308,"column":4},"end":{"line":315,"column":7}},"93":{"start":{"line":309,"column":6},"end":{"line":314,"column":7}},"94":{"start":{"line":310,"column":8},"end":{"line":313,"column":10}},"95":{"start":{"line":317,"column":4},"end":{"line":317,"column":16}},"96":{"start":{"line":321,"column":0},"end":{"line":321,"column":34}}},"fnMap":{"0":{"name":"(anonymous_0)","decl":{"start":{"line":27,"column":2},"end":{"line":27,"column":3}},"loc":{"start":{"line":27,"column":28},"end":{"line":40,"column":3}},"line":27},"1":{"name":"(anonymous_1)","decl":{"start":{"line":49,"column":2},"end":{"line":49,"column":3}},"loc":{"start":{"line":49,"column":29},"end":{"line":52,"column":3}},"line":49},"2":{"name":"(anonymous_2)","decl":{"start":{"line":61,"column":2},"end":{"line":61,"column":3}},"loc":{"start":{"line":61,"column":31},"end":{"line":83,"column":3}},"line":61},"3":{"name":"(anonymous_3)","decl":{"start":{"line":64,"column":23},"end":{"line":64,"column":24}},"loc":{"start":{"line":64,"column":32},"end":{"line":79,"column":5}},"line":64},"4":{"name":"(anonymous_4)","decl":{"start":{"line":67,"column":31},"end":{"line":67,"column":32}},"loc":{"start":{"line":67,"column":38},"end":{"line":78,"column":7}},"line":67},"5":{"name":"(anonymous_5)","decl":{"start":{"line":70,"column":10},"end":{"line":70,"column":11}},"loc":{"start":{"line":70,"column":26},"end":{"line":70,"column":80}},"line":70},"6":{"name":"(anonymous_6)","decl":{"start":{"line":92,"column":2},"end":{"line":92,"column":3}},"loc":{"start":{"line":92,"column":37},"end":{"line":133,"column":3}},"line":92},"7":{"name":"(anonymous_7)","decl":{"start":{"line":141,"column":2},"end":{"line":141,"column":3}},"loc":{"start":{"line":141,"column":35},"end":{"line":164,"column":3}},"line":141},"8":{"name":"(anonymous_8)","decl":{"start":{"line":172,"column":2},"end":{"line":172,"column":3}},"loc":{"start":{"line":172,"column":32},"end":{"line":191,"column":3}},"line":172},"9":{"name":"(anonymous_9)","decl":{"start":{"line":199,"column":2},"end":{"line":199,"column":3}},"loc":{"start":{"line":199,"column":24},"end":{"line":218,"column":3}},"line":199},"10":{"name":"(anonymous_10)","decl":{"start":{"line":227,"column":2},"end":{"line":227,"column":3}},"loc":{"start":{"line":227,"column":42},"end":{"line":263,"column":3}},"line":227},"11":{"name":"(anonymous_11)","decl":{"start":{"line":273,"column":2},"end":{"line":273,"column":3}},"loc":{"start":{"line":273,"column":27},"end":{"line":318,"column":3}},"line":273},"12":{"name":"(anonymous_12)","decl":{"start":{"line":277,"column":30},"end":{"line":277,"column":31}},"loc":{"start":{"line":277,"column":37},"end":{"line":305,"column":5}},"line":277},"13":{"name":"(anonymous_13)","decl":{"start":{"line":308,"column":30},"end":{"line":308,"column":31}},"loc":{"start":{"line":308,"column":37},"end":{"line":315,"column":5}},"line":308}},"branchMap":{"0":{"loc":{"start":{"line":27,"column":14},"end":{"line":27,"column":26}},"type":"default-arg","locations":[{"start":{"line":27,"column":24},"end":{"line":27,"column":26}}],"line":27},"1":{"loc":{"start":{"line":29,"column":18},"end":{"line":29,"column":83}},"type":"binary-expr","locations":[{"start":{"line":29,"column":18},"end":{"line":29,"column":36}},{"start":{"line":29,"column":40},"end":{"line":29,"column":83}}],"line":29},"2":{"loc":{"start":{"line":31,"column":21},"end":{"line":33,"column":7}},"type":"binary-expr","locations":[{"start":{"line":31,"column":21},"end":{"line":31,"column":42}},{"start":{"line":31,"column":46},"end":{"line":33,"column":7}}],"line":31},"3":{"loc":{"start":{"line":37,"column":4},"end":{"line":39,"column":5}},"type":"if","locations":[{"start":{"line":37,"column":4},"end":{"line":39,"column":5}},{"start":{},"end":{}}],"line":37},"4":{"loc":{"start":{"line":37,"column":8},"end":{"line":37,"column":71}},"type":"binary-expr","locations":[{"start":{"line":37,"column":8},"end":{"line":37,"column":28}},{"start":{"line":37,"column":32},"end":{"line":37,"column":71}}],"line":37},"5":{"loc":{"start":{"line":65,"column":6},"end":{"line":65,"column":50}},"type":"if","locations":[{"start":{"line":65,"column":6},"end":{"line":65,"column":50}},{"start":{},"end":{}}],"line":65},"6":{"loc":{"start":{"line":65,"column":10},"end":{"line":65,"column":41}},"type":"binary-expr","locations":[{"start":{"line":65,"column":10},"end":{"line":65,"column":14}},{"start":{"line":65,"column":18},"end":{"line":65,"column":41}}],"line":65},"7":{"loc":{"start":{"line":73,"column":8},"end":{"line":77,"column":9}},"type":"if","locations":[{"start":{"line":73,"column":8},"end":{"line":77,"column":9}},{"start":{"line":75,"column":15},"end":{"line":77,"column":9}}],"line":73},"8":{"loc":{"start":{"line":73,"column":12},"end":{"line":73,"column":55}},"type":"binary-expr","locations":[{"start":{"line":73,"column":12},"end":{"line":73,"column":23}},{"start":{"line":73,"column":27},"end":{"line":73,"column":55}}],"line":73},"9":{"loc":{"start":{"line":75,"column":15},"end":{"line":77,"column":9}},"type":"if","locations":[{"start":{"line":75,"column":15},"end":{"line":77,"column":9}},{"start":{},"end":{}}],"line":75},"10":{"loc":{"start":{"line":75,"column":19},"end":{"line":75,"column":68}},"type":"binary-expr","locations":[{"start":{"line":75,"column":19},"end":{"line":75,"column":47}},{"start":{"line":75,"column":51},"end":{"line":75,"column":68}}],"line":75},"11":{"loc":{"start":{"line":92,"column":22},"end":{"line":92,"column":35}},"type":"default-arg","locations":[{"start":{"line":92,"column":33},"end":{"line":92,"column":35}}],"line":92},"12":{"loc":{"start":{"line":93,"column":4},"end":{"line":96,"column":5}},"type":"if","locations":[{"start":{"line":93,"column":4},"end":{"line":96,"column":5}},{"start":{},"end":{}}],"line":93},"13":{"loc":{"start":{"line":106,"column":21},"end":{"line":106,"column":58}},"type":"binary-expr","locations":[{"start":{"line":106,"column":21},"end":{"line":106,"column":41}},{"start":{"line":106,"column":45},"end":{"line":106,"column":58}}],"line":106},"14":{"loc":{"start":{"line":146,"column":4},"end":{"line":152,"column":5}},"type":"if","locations":[{"start":{"line":146,"column":4},"end":{"line":152,"column":5}},{"start":{},"end":{}}],"line":146},"15":{"loc":{"start":{"line":158,"column":4},"end":{"line":160,"column":5}},"type":"if","locations":[{"start":{"line":158,"column":4},"end":{"line":160,"column":5}},{"start":{},"end":{}}],"line":158},"16":{"loc":{"start":{"line":172,"column":20},"end":{"line":172,"column":30}},"type":"default-arg","locations":[{"start":{"line":172,"column":28},"end":{"line":172,"column":30}}],"line":172},"17":{"loc":{"start":{"line":173,"column":4},"end":{"line":176,"column":5}},"type":"if","locations":[{"start":{"line":173,"column":4},"end":{"line":176,"column":5}},{"start":{},"end":{}}],"line":173},"18":{"loc":{"start":{"line":181,"column":6},"end":{"line":183,"column":7}},"type":"if","locations":[{"start":{"line":181,"column":6},"end":{"line":183,"column":7}},{"start":{},"end":{}}],"line":181},"19":{"loc":{"start":{"line":200,"column":4},"end":{"line":203,"column":5}},"type":"if","locations":[{"start":{"line":200,"column":4},"end":{"line":203,"column":5}},{"start":{},"end":{}}],"line":200},"20":{"loc":{"start":{"line":208,"column":6},"end":{"line":211,"column":7}},"type":"if","locations":[{"start":{"line":208,"column":6},"end":{"line":211,"column":7}},{"start":{},"end":{}}],"line":208},"21":{"loc":{"start":{"line":228,"column":4},"end":{"line":231,"column":5}},"type":"if","locations":[{"start":{"line":228,"column":4},"end":{"line":231,"column":5}},{"start":{},"end":{}}],"line":228},"22":{"loc":{"start":{"line":237,"column":6},"end":{"line":239,"column":7}},"type":"if","locations":[{"start":{"line":237,"column":6},"end":{"line":239,"column":7}},{"start":{},"end":{}}],"line":237},"23":{"loc":{"start":{"line":237,"column":10},"end":{"line":237,"column":32}},"type":"binary-expr","locations":[{"start":{"line":237,"column":10},"end":{"line":237,"column":19}},{"start":{"line":237,"column":23},"end":{"line":237,"column":32}}],"line":237},"24":{"loc":{"start":{"line":279,"column":6},"end":{"line":285,"column":7}},"type":"if","locations":[{"start":{"line":279,"column":6},"end":{"line":285,"column":7}},{"start":{},"end":{}}],"line":279},"25":{"loc":{"start":{"line":288,"column":6},"end":{"line":304,"column":7}},"type":"if","locations":[{"start":{"line":288,"column":6},"end":{"line":304,"column":7}},{"start":{"line":298,"column":13},"end":{"line":304,"column":7}}],"line":288},"26":{"loc":{"start":{"line":288,"column":10},"end":{"line":289,"column":61}},"type":"binary-expr","locations":[{"start":{"line":288,"column":10},"end":{"line":288,"column":39}},{"start":{"line":288,"column":43},"end":{"line":288,"column":61}},{"start":{"line":289,"column":10},"end":{"line":289,"column":39}},{"start":{"line":289,"column":43},"end":{"line":289,"column":61}}],"line":288},"27":{"loc":{"start":{"line":292,"column":8},"end":{"line":297,"column":9}},"type":"if","locations":[{"start":{"line":292,"column":8},"end":{"line":297,"column":9}},{"start":{},"end":{}}],"line":292},"28":{"loc":{"start":{"line":298,"column":13},"end":{"line":304,"column":7}},"type":"if","locations":[{"start":{"line":298,"column":13},"end":{"line":304,"column":7}},{"start":{},"end":{}}],"line":298},"29":{"loc":{"start":{"line":309,"column":6},"end":{"line":314,"column":7}},"type":"if","locations":[{"start":{"line":309,"column":6},"end":{"line":314,"column":7}},{"start":{},"end":{}}],"line":309}},"s":{"0":1,"1":1,"2":1,"3":1,"4":0,"5":0,"6":0,"7":0,"8":0,"9":0,"10":0,"11":0,"12":0,"13":0,"14":0,"15":0,"16":0,"17":0,"18":0,"19":0,"20":0,"21":0,"22":0,"23":0,"24":0,"25":0,"26":0,"27":0,"28":0,"29":0,"30":0,"31":0,"32":0,"33":0,"34":0,"35":0,"36":0,"37":0,"38":0,"39":0,"40":0,"41":0,"42":0,"43":0,"44":0,"45":0,"46":0,"47":0,"48":0,"49":0,"50":0,"51":0,"52":0,"53":0,"54":0,"55":0,"56":0,"57":0,"58":0,"59":0,"60":0,"61":0,"62":0,"63":0,"64":0,"65":0,"66":0,"67":0,"68":0,"69":0,"70":0,"71":0,"72":0,"73":0,"74":0,"75":0,"76":0,"77":0,"78":0,"79":0,"80":0,"81":0,"82":0,"83":0,"84":0,"85":0,"86":0,"87":0,"88":0,"89":0,"90":0,"91":0,"92":0,"93":0,"94":0,"95":0,"96":1},"f":{"0":0,"1":0,"2":0,"3":0,"4":0,"5":0,"6":0,"7":0,"8":0,"9":0,"10":0,"11":0,"12":0,"13":0},"b":{"0":[0],"1":[0,0],"2":[0,0],"3":[0,0],"4":[0,0],"5":[0,0],"6":[0,0],"7":[0,0],"8":[0,0],"9":[0,0],"10":[0,0],"11":[0],"12":[0,0],"13":[0,0],"14":[0,0],"15":[0,0],"16":[0],"17":[0,0],"18":[0,0],"19":[0,0],"20":[0,0],"21":[0,0],"22":[0,0],"23":[0,0],"24":[0,0],"25":[0,0],"26":[0,0,0,0],"27":[0,0],"28":[0,0],"29":[0,0]},"_coverageSchema":"1a1c01bbd47fc00a2c39e90264f33305004495a9","hash":"7dd1f18d8f0ed64c9105a21bacdbcd617f9fabc3"}
,"/Users/nczitzer/WebstormProjects/archive-pulseplus-archive/backend/utils/crudFactory.js": {"path":"/Users/nczitzer/WebstormProjects/archive-pulseplus-archive/backend/utils/crudFactory.js","statementMap":{"0":{"start":{"line":7,"column":17},"end":{"line":7,"column":50}},"1":{"start":{"line":28,"column":29},"end":{"line":180,"column":1}},"2":{"start":{"line":29,"column":2},"end":{"line":179,"column":4}},"3":{"start":{"line":39,"column":26},"end":{"line":39,"column":75}},"4":{"start":{"line":39,"column":49},"end":{"line":39,"column":74}},"5":{"start":{"line":40,"column":21},"end":{"line":40,"column":58}},"6":{"start":{"line":40,"column":46},"end":{"line":40,"column":57}},"7":{"start":{"line":41,"column":20},"end":{"line":45,"column":7}},"8":{"start":{"line":43,"column":44},"end":{"line":43,"column":55}},"9":{"start":{"line":47,"column":6},"end":{"line":53,"column":7}},"10":{"start":{"line":48,"column":23},"end":{"line":48,"column":54}},"11":{"start":{"line":49,"column":8},"end":{"line":49,"column":30}},"12":{"start":{"line":51,"column":8},"end":{"line":51,"column":61}},"13":{"start":{"line":52,"column":8},"end":{"line":52,"column":20}},"14":{"start":{"line":65,"column":81},"end":{"line":65,"column":88}},"15":{"start":{"line":66,"column":20},"end":{"line":70,"column":7}},"16":{"start":{"line":72,"column":6},"end":{"line":78,"column":7}},"17":{"start":{"line":73,"column":23},"end":{"line":73,"column":63}},"18":{"start":{"line":74,"column":8},"end":{"line":74,"column":27}},"19":{"start":{"line":76,"column":8},"end":{"line":76,"column":64}},"20":{"start":{"line":77,"column":8},"end":{"line":77,"column":20}},"21":{"start":{"line":90,"column":20},"end":{"line":93,"column":7}},"22":{"start":{"line":95,"column":6},"end":{"line":101,"column":7}},"23":{"start":{"line":96,"column":23},"end":{"line":96,"column":52}},"24":{"start":{"line":97,"column":8},"end":{"line":97,"column":30}},"25":{"start":{"line":99,"column":8},"end":{"line":99,"column":66}},"26":{"start":{"line":100,"column":8},"end":{"line":100,"column":20}},"27":{"start":{"line":114,"column":26},"end":{"line":114,"column":75}},"28":{"start":{"line":114,"column":49},"end":{"line":114,"column":74}},"29":{"start":{"line":115,"column":21},"end":{"line":115,"column":58}},"30":{"start":{"line":115,"column":46},"end":{"line":115,"column":57}},"31":{"start":{"line":116,"column":20},"end":{"line":121,"column":7}},"32":{"start":{"line":118,"column":44},"end":{"line":118,"column":66}},"33":{"start":{"line":123,"column":6},"end":{"line":129,"column":7}},"34":{"start":{"line":124,"column":23},"end":{"line":124,"column":63}},"35":{"start":{"line":125,"column":8},"end":{"line":125,"column":30}},"36":{"start":{"line":127,"column":8},"end":{"line":127,"column":61}},"37":{"start":{"line":128,"column":8},"end":{"line":128,"column":20}},"38":{"start":{"line":141,"column":20},"end":{"line":145,"column":7}},"39":{"start":{"line":147,"column":6},"end":{"line":153,"column":7}},"40":{"start":{"line":148,"column":23},"end":{"line":148,"column":52}},"41":{"start":{"line":149,"column":8},"end":{"line":149,"column":30}},"42":{"start":{"line":151,"column":8},"end":{"line":151,"column":61}},"43":{"start":{"line":152,"column":8},"end":{"line":152,"column":20}},"44":{"start":{"line":166,"column":20},"end":{"line":169,"column":7}},"45":{"start":{"line":171,"column":6},"end":{"line":177,"column":7}},"46":{"start":{"line":172,"column":23},"end":{"line":172,"column":55}},"47":{"start":{"line":173,"column":8},"end":{"line":173,"column":27}},"48":{"start":{"line":175,"column":8},"end":{"line":175,"column":69}},"49":{"start":{"line":176,"column":8},"end":{"line":176,"column":20}},"50":{"start":{"line":182,"column":0},"end":{"line":182,"column":38}}},"fnMap":{"0":{"name":"(anonymous_0)","decl":{"start":{"line":28,"column":29},"end":{"line":28,"column":30}},"loc":{"start":{"line":28,"column":52},"end":{"line":180,"column":1}},"line":28},"1":{"name":"(anonymous_1)","decl":{"start":{"line":38,"column":4},"end":{"line":38,"column":5}},"loc":{"start":{"line":38,"column":23},"end":{"line":54,"column":5}},"line":38},"2":{"name":"(anonymous_2)","decl":{"start":{"line":39,"column":40},"end":{"line":39,"column":41}},"loc":{"start":{"line":39,"column":49},"end":{"line":39,"column":74}},"line":39},"3":{"name":"(anonymous_3)","decl":{"start":{"line":40,"column":37},"end":{"line":40,"column":38}},"loc":{"start":{"line":40,"column":46},"end":{"line":40,"column":57}},"line":40},"4":{"name":"(anonymous_4)","decl":{"start":{"line":43,"column":34},"end":{"line":43,"column":35}},"loc":{"start":{"line":43,"column":44},"end":{"line":43,"column":55}},"line":43},"5":{"name":"(anonymo
[...]
,"/Users/nczitzer/WebstormProjects/archive-pulseplus-archive/backend/utils/transaction.js": {"path":"/Users/nczitzer/WebstormProjects/archive-pulseplus-archive/backend/utils/transaction.js","statementMap":{"0":{"start":{"line":7,"column":17},"end":{"line":7,"column":50}},"1":{"start":{"line":8,"column":15},"end":{"line":8,"column":34}},"2":{"start":{"line":31,"column":17},"end":{"line":31,"column":37}},"3":{"start":{"line":33,"column":2},"end":{"line":76,"column":3}},"4":{"start":{"line":35,"column":4},"end":{"line":35,"column":32}},"5":{"start":{"line":38,"column":4},"end":{"line":41,"column":5}},"6":{"start":{"line":39,"column":34},"end":{"line":39,"column":93}},"7":{"start":{"line":40,"column":6},"end":{"line":40,"column":46}},"8":{"start":{"line":44,"column":4},"end":{"line":46,"column":5}},"9":{"start":{"line":45,"column":6},"end":{"line":45,"column":54}},"10":{"start":{"line":49,"column":4},"end":{"line":51,"column":5}},"11":{"start":{"line":50,"column":6},"end":{"line":50,"column":55}},"12":{"start":{"line":54,"column":19},"end":{"line":54,"column":41}},"13":{"start":{"line":57,"column":4},"end":{"line":57,"column":33}},"14":{"start":{"line":59,"column":4},"end":{"line":59,"column":18}},"15":{"start":{"line":62,"column":4},"end":{"line":66,"column":5}},"16":{"start":{"line":63,"column":6},"end":{"line":63,"column":37}},"17":{"start":{"line":65,"column":6},"end":{"line":65,"column":69}},"18":{"start":{"line":69,"column":4},"end":{"line":69,"column":47}},"19":{"start":{"line":72,"column":4},"end":{"line":72,"column":16}},"20":{"start":{"line":75,"column":4},"end":{"line":75,"column":21}},"21":{"start":{"line":95,"column":2},"end":{"line":98,"column":5}},"22":{"start":{"line":117,"column":2},"end":{"line":119,"column":5}},"23":{"start":{"line":122,"column":0},"end":{"line":126,"column":2}}},"fnMap":{"0":{"name":"withTransaction","decl":{"start":{"line":30,"column":15},"end":{"line":30,"column":30}},"loc":{"start":{"line":30,"column":55},"end":{"line":77,"column":1}},"line":30},"1":{"name":"withReadTransaction","decl":{"start":{"line":94,"column":15},"end":{"line":94,"column":34}},"loc":{"start":{"line":94,"column":45},"end":{"line":99,"column":1}},"line":94},"2":{"name":"withWriteTransaction","decl":{"start":{"line":116,"column":15},"end":{"line":116,"column":35}},"loc":{"start":{"line":116,"column":46},"end":{"line":120,"column":1}},"line":116}},"branchMap":{"0":{"loc":{"start":{"line":30,"column":41},"end":{"line":30,"column":53}},"type":"default-arg","locations":[{"start":{"line":30,"column":51},"end":{"line":30,"column":53}}],"line":30},"1":{"loc":{"start":{"line":38,"column":4},"end":{"line":41,"column":5}},"type":"if","locations":[{"start":{"line":38,"column":4},"end":{"line":41,"column":5}},{"start":{},"end":{}}],"line":38},"2":{"loc":{"start":{"line":44,"column":4},"end":{"line":46,"column":5}},"type":"if","locations":[{"start":{"line":44,"column":4},"end":{"line":46,"column":5}},{"start":{},"end":{}}],"line":44},"3":{"loc":{"start":{"line":49,"column":4},"end":{"line":51,"column":5}},"type":"if","locations":[{"start":{"line":49,"column":4},"end":{"line":51,"column":5}},{"start":{},"end":{}}],"line":49},"4":{"loc":{"start":{"line":49,"column":8},"end":{"line":49,"column":71}},"type":"binary-expr","locations":[{"start":{"line":49,"column":8},"end":{"line":49,"column":49}},{"start":{"line":49,"column":53},"end":{"line":49,"column":71}}],"line":49}},"s":{"0":1,"1":1,"2":0,"3":0,"4":0,"5":0,"6":0,"7":0,"8":0,"9":0,"10":0,"11":0,"12":0,"13":0,"14":0,"15":0,"16":0,"17":0,"18":0,"19":0,"20":0,"21":0,"22":0,"23":1},"f":{"0":0,"1":0,"2":0},"b":{"0":[0],"1":[0,0],"2":[0,0],"3":[0,0],"4":[0,0]},"_coverageSchema":"1a1c01bbd47fc00a2c39e90264f33305004495a9","hash":"0d5d330122d053513eaa1c7a645f0595ba8b9633"}
,"/Users/nczitzer/WebstormProjects/archive-pulseplus-archive/backend/utils/websocketRateLimiter.js": {"path":"/Users/nczitzer/WebstormProjects/archive-pulseplus-archive/backend/utils/websocketRateLimiter.js","statementMap":{"0":{"start":{"line":7,"column":20},"end":{"line":7,"column":46}},"1":{"start":{"line":8,"column":15},"end":{"line":8,"column":34}},"2":{"start":{"line":25,"column":4},"end":{"line":25,"column":55}},"3":{"start":{"line":26,"column":4},"end":{"line":26,"column":50}},"4":{"start":{"line":27,"column":4},"end":{"line":27,"column":66}},"5":{"start":{"line":28,"column":4},"end":{"line":28,"column":60}},"6":{"start":{"line":29,"column":4},"end":{"line":29,"column":67}},"7":{"start":{"line":32,"column":4},"end":{"line":32,"column":37}},"8":{"start":{"line":33,"column":4},"end":{"line":33,"column":34}},"9":{"start":{"line":36,"column":4},"end":{"line":38,"column":5}},"10":{"start":{"line":37,"column":6},"end":{"line":37,"column":99}},"11":{"start":{"line":37,"column":24},"end":{"line":37,"column":44}},"12":{"start":{"line":40,"column":4},"end":{"line":46,"column":7}},"13":{"start":{"line":55,"column":16},"end":{"line":55,"column":26}},"14":{"start":{"line":58,"column":4},"end":{"line":62,"column":5}},"15":{"start":{"line":59,"column":6},"end":{"line":61,"column":7}},"16":{"start":{"line":60,"column":8},"end":{"line":60,"column":41}},"17":{"start":{"line":65,"column":4},"end":{"line":69,"column":5}},"18":{"start":{"line":66,"column":6},"end":{"line":68,"column":7}},"19":{"start":{"line":67,"column":8},"end":{"line":67,"column":38}},"20":{"start":{"line":80,"column":4},"end":{"line":84,"column":5}},"21":{"start":{"line":81,"column":6},"end":{"line":81,"column":48}},"22":{"start":{"line":83,"column":6},"end":{"line":83,"column":49}},"23":{"start":{"line":96,"column":16},"end":{"line":96,"column":40}},"24":{"start":{"line":98,"column":4},"end":{"line":121,"column":5}},"25":{"start":{"line":100,"column":20},"end":{"line":100,"column":47}},"26":{"start":{"line":103,"column":6},"end":{"line":105,"column":7}},"27":{"start":{"line":104,"column":8},"end":{"line":104,"column":62}},"28":{"start":{"line":108,"column":6},"end":{"line":114,"column":7}},"29":{"start":{"line":109,"column":8},"end":{"line":112,"column":11}},"30":{"start":{"line":113,"column":8},"end":{"line":113,"column":21}},"31":{"start":{"line":116,"column":6},"end":{"line":116,"column":18}},"32":{"start":{"line":118,"column":6},"end":{"line":118,"column":80}},"33":{"start":{"line":120,"column":6},"end":{"line":120,"column":49}},"34":{"start":{"line":132,"column":16},"end":{"line":132,"column":26}},"35":{"start":{"line":133,"column":17},"end":{"line":133,"column":77}},"36":{"start":{"line":136,"column":4},"end":{"line":139,"column":5}},"37":{"start":{"line":137,"column":6},"end":{"line":137,"column":21}},"38":{"start":{"line":138,"column":6},"end":{"line":138,"column":27}},"39":{"start":{"line":142,"column":4},"end":{"line":142,"column":20}},"40":{"start":{"line":143,"column":4},"end":{"line":143,"column":39}},"41":{"start":{"line":146,"column":4},"end":{"line":152,"column":5}},"42":{"start":{"line":147,"column":6},"end":{"line":150,"column":9}},"43":{"start":{"line":151,"column":6},"end":{"line":151,"column":19}},"44":{"start":{"line":154,"column":4},"end":{"line":154,"column":16}},"45":{"start":{"line":165,"column":4},"end":{"line":169,"column":5}},"46":{"start":{"line":166,"column":6},"end":{"line":166,"column":51}},"47":{"start":{"line":168,"column":6},"end":{"line":168,"column":52}},"48":{"start":{"line":181,"column":16},"end":{"line":181,"column":45}},"49":{"start":{"line":183,"column":4},"end":{"line":206,"column":5}},"50":{"start":{"line":185,"column":20},"end":{"line":185,"column":47}},"51":{"start":{"line":188,"column":6},"end":{"line":190,"column":7}},"52":{"start":{"line":189,"column":8},"end":{"line":189,"column":59}},"53":{"start":{"line":193,"column":6},"end":{"line":199,"column":7}},"54":{"start":{"line":194,"column":8},"end":{"line":197,"column":11}},"55":{"start":{"line":198,"column":8},"end":{"line":198,"column":21}},"56":{"start":{"line":201,"column":6},"end":{"line":201,"column":18}},"57":{"start":{"line":203,"column":6},"end":{"line":203,"column":77}},"58":{"start":{"line":205,"column":6},"end":{"line":205,"column":52}},"59":{"start":{"line":217,"column":16},"end":{"line":217,"column":26}},"60":{"start":{"line":218,"column":17},"end":{"line":218,"column":80}},"61":{"start":{"line":221,"column":4},"end":{"line":224,"column":5}},"62":{"start":{"line":222,"column":6},"end":{"line":222,"column":21}},"63":{"start":{"line":223,"column":6},"end":{"line":223,"column":27}},"64":{"start":{"line":227,"column":4},"end":{"line":227,"column":20}},"65":{"start":{"line":228,"column":4},"end":{"line":228,"column":42}},"66":{"start":{"line":231,"column":4},"end":{"line":237,"column":5}},"67":{"start":{"line":232,"column":6},"end":{"line":235,"column":9}},"68":{"start":{"line":236,"column":6},"end":{"line":236,"column":19}},"69":{"start":{"line":239,"column":4},"end":{"line":239,"column":16}},"70":{"start":{"line":251,"column":4},"end":{"line":265,"column":6}},"71":{"start":{"line":252,"column":6},"end":{"line":264,"column":7}},"72":{"start":{"line":253,"column":19},"end":{"line":253,"column":43}},"73":{"start":{"line":254,"column":24},"end":{"line":254,"column":59}},"74":{"start":{"line":256,"column":8},"end":{"line":258,"column":9}},"75":{"start":{"line":257,"column":10},"end":{"line":257,"column":67}},"76":{"start":{"line":260,"column":8},"end":{"line":260,"column":15}},"77":{"start":{"line":262,"column":8},"end":{"line":262,"column":86}},"78":{"start":{"line":263,"column":8},"end":{"line":263,"column":15}},"79":{"start":{"line":280,"column":4},"end":{"line":301,"column":6}},"80":{"start":{"line":281,"column":6},"end":{"line":300,"column":8}},"81":{"start":{"line":282,"column":8},"end":{"line":299,"column":9}},"82":{"start":{"line":283,"column":25},"end":{"line":283,"column":29}},"83":{"start":{"line":284,"column":26},"end":{"line":284,"column":77}},"84":{"start":{"line":286,"column":10},"end":{"line":291,"column":11}},"85":{"start":{"line":287,"column":12},"end":{"line":289,"column":13}},"86":{"start":{"line":288,"column":14},"end":{"line":288,"column":65}},"87":{"start":{"line":290,"column":12},"end":{"line":290,"column":19}},"88":{"start":{"line":293,"column":10},"end":{"line":293,"column":53}},"89":{"start":{"line":295,"column":10},"end":{"line":295,"column":85}},"90":{"start":{"line":296,"column":10},"end":{"line":298,"column":11}},"91":{"start":{"line":297,"column":12},"end":{"line":297,"column":57}},"92":{"start":{"line":306,"column":29},"end":{"line":308,"column":2}},"93":{"start":{"line":310,"column":0},"end":{"line":310,"column":38}}},"fnMap":{"0":{"name":"(anonymous_0)","decl":{"start":{"line":24,"column":2},"end":{"line":24,"column":3}},"loc":{"start":{"line":24,"column":28},"end":{"line":47,"column":3}},"line":24},"1":{"name":"(anonymous_1)","decl":{"start":{"line":37,"column":18},"end":{"line":37,"column":19}},"loc":{"start":{"line":37,"column":24},"end":{"line":37,"column":44}},"line":37},"2":{"name":"(anonymous_2)","decl":{"start":{"line":54,"column":2},"end":{"line":54,"column":3}},"loc":{"start":{"line":54,"column":18},"end":{"line":70,"column":3}},"line":54},"3":{"name":"(anonymous_3)","decl":{"start":{"line":79,"column":2},"end":{"line":79,"column":3}},"loc":{"start":{"line":79,"column":33},"end":{"line":85,"column":3}},"line":79},"4":{"name":"(anonymous_4)","decl":{"start":{"line":95,"column":2},"end":{"line":95,"column":3}},"loc":{"start":{"line":95,"column":38},"end":{"line":122,"column":3}},"line":95},"5":{"name":"(anonymous_5)","decl":{"start":{"line":131,"column":2},"end":{"line":131,"column":3}},"loc":{"start":{"line":131,"column":33},"end":{"line":155,"column":3}},"line":131},"6":{"name":"(anonymous_6)","decl":{"start":{"line":164,"column":2},"end":{"line":164,"column":3}},"loc":{"start":{"line":164,"column":36},"end":{"line":170,"column":3}},"line":164},"7":{"name":"(anonymous_7)","decl":{"start":{"line":180,"column":2},"end":{"line":180,"column":3}},"loc":{"start":{"line":180,"column":41},"end":{"line":207,"column":3}},"line":180},"8":{"name":"(anonymous_8)","decl":{"start":{"line":216,"column":2},"end":{"line":216,"column":3}},"loc":{"start":{"line":216,"column":36},"end":{"line":240,"column":3}},"line":216},"9":{"name":"(anonymous_9)","decl":{"start":{"line":250,"column":2},"end":{"line":250,"column":3}},"loc":{"start":{"line":250,"column":28},"end":{"line":266,"column":3}},"line":250},"10":{"name":"(anonymous_10)","decl":{"start":{"line":251,"column":11},"end":{"line":251,"column":12}},"loc":{"start":{"line":251,"column":35},"end":{"line":265,"column":5}},"line":251},"11":{"name":"(anonymous_11)","decl":{"start":{"line":279,"column":2},"end":{"line":279,"column":3}},"loc":{"start":{"line":279,"column":25},"end":{"line":302,"column":3}},"line":279},"12":{"name":"(anonymous_12)","decl":{"start":{"line":280,"column":11},"end":{"line":280,"column":12}},"loc":{"start":{"line":280,"column":24},"end":{"line":301,"column":5}},"line":280},"13":{"name":"(anonymous_13)","decl":{"start":{"line":281,"column":13},"end":{"line":281,"column":14}},"loc":{"start":{"line":281,"column":39},"end":{"line":300,"column":7}},"line":281}},"branchMap":{"0":{"loc":{"start":{"line":24,"column":14},"end":{"line":24,"column":26}},"type":"default-arg","locations":[{"start":{"line":24,"column":24},"end":{"line":24,"column":26}}],"line":24},"1":{"loc":{"start":{"line":25,"column":26},"end":{"line":25,"column":54}},"type":"binary-expr","locations":[{"start":{"line":25,"column":26},"end":{"line":25,"column":48}},{"start":{"line":25,"column":52},"end":{"line":25,"column":54}}],"line":25},"2":{"loc":{"start":{"line":26,"column":23},"end":{"line":26,"column":49}},"type":"binary-expr","locations":[{"start":{"line":26,"column":23},"end":{"line":26,"column":42}},{"start":{"line":26,"column":46},"end":{"line":26,"column":49}}],"line":26},"3":{"loc":{"start":{"line":27,"column":28},"end":{"line":27,"column":65}},"type":"binary-expr","locations":[{"start":{"line":27,"column":28},"end":{"line":27,"column":52}},{"start":{"line":27,"column":56},"end":{"line":27,"column":65}}],"line":27},"4":{"loc":{"start":{"line":28,"column":25},"end":{"line":28,"column":59}},"type":"binary-expr","locations":[{"start":{"line":28,"column":25},"end":{"line":28,"column":46}},{"start":{"line":28,"column":50},"end":{"line":28,"column":59}}],"line":28},"5":{"loc":{"start":{"line":29,"column":20},"end":{"line":29,"column":66}},"type":"cond-expr","locations":[{"start":{"line":29,"column":54},"end":{"line":29,"column":58}},{"start":{"line":29,"column":61},"end":{"line":29,"column":66}}],"line":29},"6":{"loc":{"start":{"line":29,"column":20},"end":{"line":29,"column":51}},"type":"binary-expr","locations":[{"start":{"line":29,"column":20},"end":{"line":29,"column":36}},{"start":{"line":29,"column":40},"end":{"line":29,"column":51}}],"line":29},"7":{"loc":{"start":{"line":36,"column":4},"end":{"line":38,"column":5}},"type":"if","locations":[{"start":{"line":36,"column":4},"end":{"line":38,"column":5}},{"start":{},"end":{}}],"line":36},"8":{"loc":{"start":{"line":59,"column":6},"end":{"line":61,"column":7}},"type":"if","locations":[{"start":{"line":59,"column":6},"end":{"line":61,"column":7}},{"start":{},"end":{}}],"line":59},"9":{"loc":{"start":{"line":66,"column":6},"end":{"line":68,"column":7}},"type":"if","locations":[{"start":{"line":66,"column":6},"end":{"line":68,"column":7}},{"start":{},"end":{}}],"line":66},"10":{"loc":{"start":{"line":80,"column":4},"end":{"line":84,"column":5}},"type":"if","locations":[{"start":{"line":80,"column":4},"end":{"line":84,"column":5}},{"start":{"line":82,"column":11},"end":{"line":84,"column":5}}],"line":80},"11":{"loc":{"start":{"line":103,"column":6},"end":{"line":105,"column":7}},"type":"if","locations":[{"start":{"line":103,"column":6},"end":{"line":105,"column":7}},{"start":{},"end":{}}],"line":103},"12":{"loc":{"start":{"line":108,"column":6},"end":{"line":114,"column":7}},"type":"if","locations":[{"start":{"line":108,"column":6},"end":{"line":114,"column":7}},{"start":{},"end":{}}],"line":108},"13":{"loc":{"start":{"line":133,"column":17},"end":{"line":133,"column":77}},"type":"binary-expr","locations":[{"start":{"line":133,"column":17},"end":{"line":133,"column":45}},{"start":{"line":133,"column":49},"end":{"line":133,"column":77}}],"line":133},"14":{"loc":{"start":{"line":136,"column":4},"end":{"line":139,"column":5}},"type":"if","locations":[{"start":{"line":136,"column":4},"end":{"line":139,"column":5}},{"start":{},"end":{}}],"line":136},"15":{"loc":{"start":{"line":146,"column":4},"end":{"line":152,"column":5}},"type":"if","locations":[{"start":{"line":146,"column":4},"end":{"line":152,"column":5}},{"start":{},"end":{}}],"line":146},"16":{"loc":{"start":{"line":165,"column":4},"end":{"line":169,"column":5}},"type":"if","locations":[{"start":{"line":165,"column":4},"end":{"line":169,"column":5}},{"start":{"line":167,"column":11},"end":{"line":169,"column":5}}],"line":165},"17":{"loc":{"start":{"line":188,"column":6},"end":{"line":190,"column":7}},"type":"if","locations":[{"start":{"line":188,"column":6},"end":{"line":190,"column":7}},{"start":{},"end":{}}],"line":188},"18":{"loc":{"start":{"line":193,"column":6},"end":{"line":199,"column":7}},"type":"if","locations":[{"start":{"line":193,"column":6},"end":{"line":199,"column":7}},{"start":{},"end":{}}],"line":193},"19":{"loc":{"start":{"line":218,"column":17},"end":{"line":218,"column":80}},"type":"binary-expr","locations":[{"start":{"line":218,"column":17},"end":{"line":218,"column":48}},{"start":{"line":218,"column":52},"end":{"line":218,"column":80}}],"line":218},"20":{"loc":{"start":{"line":221,"column":4},"end":{"line":224,"column":5}},"type":"if","locations":[{"start":{"line":221,"column":4},"end":{"line":224,"column":5}},{"start":{},"end":{}}],"line":221},"21":{"loc":{"start":{"line":231,"column":4},"end":{"line":237,"column":5}},"type":"if","locations":[{"start":{"line":231,"column":4},"end":{"line":237,"column":5}},{"start":{},"end":{}}],"line":231},"22":{"loc":{"start":{"line":256,"column":8},"end":{"line":258,"column":9}},"type":"if","locations":[{"start":{"line":256,"column":8},"end":{"line":258,"column":9}},{"start":{},"end":{}}],"line":256},"23":{"loc":{"start":{"line":286,"column":10},"end":{"line":291,"column":11}},"type":"if","locations":[{"start":{"line":286,"column":10},"end":{"line":291,"column":11}},{"start":{},"end":{}}],"line":286},"24":{"loc":{"start":{"line":287,"column":12},"end":{"line":289,"column":13}},"type":"if","locations":[{"start":{"line":287,"column":12},"end":{"line":289,"column":13}},{"start":{},"end":{}}],"line":287},"25":{"loc":{"start":{"line":296,"column":10},"end":{"line":298,"column":11}},"type":"if","locations":[{"start":{"line":296,"column":10},"end":{"line":298,"column":11}},{"start":{},"end":{}}],"line":296}},"s":{"0":1,"1":1,"2":1,"3":1,"4":1,"5":1,"6":1,"7":1,"8":1,"9":1,"10":0,"11":0,"12":1,"13":0,"14":0,"15":0,"16":0,"17":0,"18":0,"19":0,"20":0,"21":0,"22":0,"23":0,"24":0,"25":0,"26":0,"27":0,"28":0,"29":0,"30":0,"31":0,"32":0,"33":0,"34":0,"35":0,"36":0,"37":0,"38":0,"39":0,"40":0,"41":0,"42":0,"43":0,"44":0,"45":0,"46":0,"47":0,"48":0,"49":0,"50":0,"51":0,"52":0,"53":0,"54":0,"55":0,"56":0,"57":0,"58":0,"59":0,"60":0,"61":0,"62":0,"63":0,"64":0,"65":0,"66":0,"67":0,"68":0,"69":0,"70":0,"71":0,"72":0,"73":0,"74":0,"75":0,"76":0,"77":0,"78":0,"79":0,"80":0,"81":0,"82":0,"83":0,"84":0,"85":0,"86":0,"87":0,"88":0,"89":0,"90":0,"91":0,"92":1,"93":1},"f":{"0":1,"1":0,"2":0,"3":0,"4":0,"5":0,"6":0,"7":0,"8":0,"9":0,"10":0,"11":0,"12":0,"13":0},"b":{"0":[0],"1":[1,1],"2":[1,1],"3":[1,1],"4":[1,1],"5":[1,0],"6":[1,1],"7":[0,1],"8":[0,0],"9":[0,0],"10":[0,0],"11":[0,0],"12":[0,0],"13":[0,0],"14":[0,0],"15":[0,0],"16":[0,0],"17":[0,0],"18":[0,0],"19":[0,0],"20":[0,0],"21":[0,0],"22":[0,0],"23":[0,0],"24":[0,0],"25":[0,0]},"_coverageSchema":"1a1c01bbd47fc00a2c39e90264f33305004495a9","hash":"0b7aac1eeb950af94d8349b094a71678b6275f08"}
}
