TN:
SF:config/redis.js
FN:31,(anonymous_0)
FN:35,(anonymous_1)
FN:39,(anonymous_2)
FN:43,(anonymous_3)
FN:47,(anonymous_4)
FN:52,(anonymous_5)
FN:63,(anonymous_6)
FN:69,(anonymous_7)
FNF:8
FNH:0
FNDA:0,(anonymous_0)
FNDA:0,(anonymous_1)
FNDA:0,(anonymous_2)
FNDA:0,(anonymous_3)
FNDA:0,(anonymous_4)
FNDA:0,(anonymous_5)
FNDA:0,(anonymous_6)
FNDA:0,(anonymous_7)
DA:9,2
DA:10,2
DA:11,2
DA:14,2
DA:28,2
DA:31,2
DA:32,0
DA:35,2
DA:36,0
DA:39,2
DA:40,0
DA:43,2
DA:44,0
DA:47,2
DA:48,0
DA:52,2
DA:53,0
DA:54,0
DA:55,0
DA:57,0
DA:58,0
DA:63,2
DA:64,0
DA:65,0
DA:66,0
DA:69,0
DA:70,0
DA:71,0
DA:72,0
DA:76,0
DA:81,0
DA:85,2
LF:32
LH:13
BRDA:71,0,0,0
BRDA:71,0,1,0
BRF:2
BRH:0
end_of_record
TN:
SF:utils/appError.js
FN:15,(anonymous_0)
FNF:1
FNH:1
FNDA:10,(anonymous_0)
DA:16,10
DA:17,10
DA:18,10
DA:19,10
DA:20,10
DA:21,10
DA:25,6
LF:7
LH:7
BRDA:15,0,0,8
BRDA:18,1,0,10
BRDA:18,1,1,4
BRF:3
BRH:3
end_of_record
TN:
SF:utils/auditLog.js
FN:55,auditLog
FNF:1
FNH:0
FNDA:0,auditLog
DA:7,1
DA:56,0
DA:57,0
DA:71,0
DA:76,1
LF:5
LH:2
BRDA:66,0,0,0
BRDA:66,0,1,0
BRDA:67,1,0,0
BRDA:67,1,1,0
BRF:4
BRH:0
end_of_record
TN:
SF:utils/cacheConfig.js
FN:34,(anonymous_0)
FN:35,(anonymous_1)
FN:36,(anonymous_2)
FN:37,(anonymous_3)
FN:42,(anonymous_4)
FN:43,(anonymous_5)
FN:44,(anonymous_6)
FN:49,(anonymous_7)
FN:50,(anonymous_8)
FN:51,(anonymous_9)
FN:52,(anonymous_10)
FN:57,(anonymous_11)
FN:58,(anonymous_12)
FN:59,(anonymous_13)
FN:60,(anonymous_14)
FN:65,(anonymous_15)
FN:66,(anonymous_16)
FN:67,(anonymous_17)
FN:68,(anonymous_18)
FN:79,(anonymous_19)
FN:80,(anonymous_20)
FN:81,(anonymous_21)
FN:86,(anonymous_22)
FN:87,(anonymous_23)
FN:88,(anonymous_24)
FN:93,(anonymous_25)
FN:94,(anonymous_26)
FN:95,(anonymous_27)
FN:100,(anonymous_28)
FN:106,(anonymous_29)
FN:109,(anonymous_30)
FN:115,(anonymous_31)
FN:120,(anonymous_32)
FN:134,(anonymous_33)
FN:142,(anonymous_34)
FN:156,(anonymous_35)
FN:172,(anonymous_36)
FNF:37
FNH:0
FNDA:0,(anonymous_0)
FNDA:0,(anonymous_1)
FNDA:0,(anonymous_2)
FNDA:0,(anonymous_3)
FNDA:0,(anonymous_4)
FNDA:0,(anonymous_5)
FNDA:0,(anonymous_6)
FNDA:0,(anonymous_7)
FNDA:0,(anonymous_8)
FNDA:0,(anonymous_9)
FNDA:0,(anonymous_10)
FNDA:0,(anonymous_11)
FNDA:0,(anonymous_12)
FNDA:0,(anonymous_13)
FNDA:0,(anonymous_14)
FNDA:0,(anonymous_15)
FNDA:0,(anonymous_16)
FNDA:0,(anonymous_17)
FNDA:0,(anonymous_18)
FNDA:0,(anonymous_19)
FNDA:0,(anonymous_20)
FNDA:0,(anonymous_21)
FNDA:0,(anonymous_22)
FNDA:0,(anonymous_23)
FNDA:0,(anonymous_24)
FNDA:0,(anonymous_25)
FNDA:0,(anonymous_26)
FNDA:0,(anonymous_27)
FNDA:0,(anonymous_28)
FNDA:0,(anonymous_29)
FNDA:0,(anonymous_30)
FNDA:0,(anonymous_31)
FNDA:0,(anonymous_32)
FNDA:0,(anonymous_33)
FNDA:0,(anonymous_34)
FNDA:0,(anonymous_35)
FNDA:0,(anonymous_36)
DA:7,1
DA:13,1
DA:31,1
DA:34,0
DA:35,0
DA:36,0
DA:37,0
DA:42,0
DA:43,0
DA:44,0
DA:49,0
DA:50,0
DA:51,0
DA:52,0
DA:57,0
DA:58,0
DA:59,0
DA:60,0
DA:65,0
DA:66,0
DA:67,0
DA:68,0
DA:76,1
DA:79,0
DA:80,0
DA:81,0
DA:86,0
DA:87,0
DA:88,0
DA:93,0
DA:94,0
DA:95,0
DA:100,0
DA:106,0
DA:109,0
DA:115,0
DA:120,0
DA:134,1
DA:135,0
DA:136,0
DA:137,0
DA:140,0
DA:142,0
DA:143,0
DA:144,0
DA:156,1
DA:157,0
DA:158,0
DA:159,0
DA:162,0
DA:172,1
DA:174,0
DA:207,0
DA:208,0
DA:212,0
DA:215,1
LF:56
LH:8
BRDA:35,0,0,0
BRDA:43,1,0,0
BRDA:44,2,0,0
BRDA:50,3,0,0
BRDA:59,4,0,0
BRDA:66,5,0,0
BRDA:106,6,0,0
BRDA:115,7,0,0
BRDA:118,8,0,0
BRDA:118,8,1,0
BRDA:135,9,0,0
BRDA:135,9,1,0
BRDA:135,10,0,0
BRDA:135,10,1,0
BRDA:157,11,0,0
BRDA:157,11,1,0
BRDA:157,12,0,0
BRDA:157,12,1,0
BRDA:207,13,0,0
BRDA:207,13,1,0
BRDA:207,14,0,0
BRDA:207,14,1,0
BRF:22
BRH:0
end_of_record
TN:
SF:utils/cacheService.js
FN:21,(anonymous_0)
FN:48,(anonymous_1)
FN:82,(anonymous_2)
FN:113,(anonymous_3)
FN:132,(anonymous_4)
FN:163,(anonymous_5)
FN:183,(anonymous_6)
FN:184,(anonymous_7)
FN:195,(anonymous_8)
FN:206,(anonymous_9)
FN:216,(anonymous_10)
FN:219,(anonymous_11)
FNF:12
FNH:1
FNDA:1,(anonymous_0)
FNDA:0,(anonymous_1)
FNDA:0,(anonymous_2)
FNDA:0,(anonymous_3)
FNDA:0,(anonymous_4)
FNDA:0,(anonymous_5)
FNDA:0,(anonymous_6)
FNDA:0,(anonymous_7)
FNDA:0,(anonymous_8)
FNDA:0,(anonymous_9)
FNDA:0,(anonymous_10)
FNDA:0,(anonymous_11)
DA:8,1
DA:9,1
DA:23,1
DA:28,1
DA:29,1
DA:30,1
DA:31,1
DA:32,1
DA:33,1
DA:35,1
DA:49,0
DA:51,0
DA:52,0
DA:53,0
DA:55,0
DA:56,0
DA:57,0
DA:60,0
DA:61,0
DA:62,0
DA:63,0
DA:64,0
DA:67,0
DA:70,0
DA:71,0
DA:83,0
DA:85,0
DA:86,0
DA:89,0
DA:92,0
DA:93,0
DA:96,0
DA:103,0
DA:114,0
DA:116,0
DA:117,0
DA:118,0
DA:119,0
DA:121,0
DA:123,0
DA:133,0
DA:135,0
DA:136,0
DA:137,0
DA:138,0
DA:139,0
DA:143,0
DA:144,0
DA:145,0
DA:147,0
DA:148,0
DA:149,0
DA:150,0
DA:154,0
DA:164,0
DA:166,0
DA:167,0
DA:175,0
DA:176,0
DA:184,0
DA:185,0
DA:196,0
DA:207,0
DA:218,0
DA:219,0
DA:223,0
DA:224,0
DA:227,0
DA:232,1
DA:241,1
DA:253,1
DA:262,1
LF:72
LH:14
BRDA:21,0,0,0
BRDA:24,1,0,1
BRDA:24,1,1,0
BRDA:29,2,0,1
BRDA:29,2,1,0
BRDA:30,3,0,1
BRDA:30,3,1,0
BRDA:32,4,0,1
BRDA:32,4,1,1
BRDA:51,5,0,0
BRDA:51,5,1,0
BRDA:55,6,0,0
BRDA:55,6,1,0
BRDA:60,7,0,0
BRDA:60,7,1,0
BRDA:61,8,0,0
BRDA:61,8,1,0
BRDA:82,9,0,0
BRDA:85,10,0,0
BRDA:85,10,1,0
BRDA:92,11,0,0
BRDA:92,11,1,0
BRDA:116,12,0,0
BRDA:116,12,1,0
BRDA:118,13,0,0
BRDA:118,13,1,0
BRDA:132,14,0,0
BRDA:133,15,0,0
BRDA:133,15,1,0
BRDA:136,16,0,0
BRDA:136,16,1,0
BRDA:148,17,0,0
BRDA:148,17,1,0
BRDA:164,18,0,0
BRDA:164,18,1,0
BRDA:207,19,0,0
BRDA:207,19,1,0
BRDA:233,20,0,1
BRDA:233,20,1,1
BRDA:234,21,0,1
BRDA:234,21,1,1
BRDA:235,22,0,1
BRDA:235,22,1,1
BRDA:237,23,0,1
BRDA:237,23,1,1
BRF:45
BRH:13
end_of_record
TN:
SF:utils/configEncryption.js
FN:27,(anonymous_0)
FN:38,(anonymous_1)
FN:67,(anonymous_2)
FN:85,(anonymous_3)
FN:105,(anonymous_4)
FN:128,(anonymous_5)
FNF:6
FNH:0
FNDA:0,(anonymous_0)
FNDA:0,(anonymous_1)
FNDA:0,(anonymous_2)
FNDA:0,(anonymous_3)
FNDA:0,(anonymous_4)
FNDA:0,(anonymous_5)
DA:7,1
DA:8,1
DA:9,1
DA:12,1
DA:13,1
DA:14,1
DA:15,1
DA:28,0
DA:40,0
DA:41,0
DA:42,0
DA:43,0
DA:44,0
DA:46,0
DA:50,0
DA:51,0
DA:52,0
DA:53,0
DA:55,0
DA:57,0
DA:68,0
DA:69,0
DA:71,0
DA:72,0
DA:73,0
DA:76,0
DA:86,0
DA:88,0
DA:89,0
DA:91,0
DA:92,0
DA:94,0
DA:96,0
DA:106,0
DA:108,0
DA:110,0
DA:111,0
DA:113,0
DA:114,0
DA:116,0
DA:117,0
DA:119,0
DA:129,0
DA:133,0
DA:134,0
DA:140,1
LF:46
LH:8
BRDA:40,0,0,0
BRDA:40,0,1,0
BRDA:43,1,0,0
BRDA:43,1,1,0
BRDA:52,2,0,0
BRDA:52,2,1,0
BRDA:71,3,0,0
BRDA:71,3,1,0
BRDA:86,4,0,0
BRDA:86,4,1,0
BRDA:106,5,0,0
BRDA:106,5,1,0
BRDA:106,6,0,0
BRDA:106,6,1,0
BRDA:129,7,0,0
BRDA:129,7,1,0
BRDA:129,8,0,0
BRDA:129,8,1,0
BRDA:134,9,0,0
BRDA:134,9,1,0
BRDA:134,9,2,0
BRF:21
BRH:0
end_of_record
TN:
SF:utils/configFactory.js
FN:21,(anonymous_0)
FN:51,(anonymous_1)
FN:57,(anonymous_2)
FN:71,(anonymous_3)
FN:96,(anonymous_4)
FN:122,(anonymous_5)
FN:150,(anonymous_6)
FNF:7
FNH:3
FNDA:0,(anonymous_0)
FNDA:3,(anonymous_1)
FNDA:0,(anonymous_2)
FNDA:1,(anonymous_3)
FNDA:1,(anonymous_4)
FNDA:0,(anonymous_5)
FNDA:0,(anonymous_6)
DA:7,5
DA:8,5
DA:22,0
DA:52,3
DA:57,0
DA:72,1
DA:97,1
DA:112,1
DA:123,0
DA:126,0
DA:133,0
DA:151,0
DA:190,5
LF:13
LH:7
BRDA:21,0,0,0
BRDA:28,1,0,0
BRDA:28,1,1,0
BRDA:35,2,0,0
BRDA:35,2,1,0
BRDA:36,3,0,0
BRDA:36,3,1,0
BRDA:37,4,0,0
BRDA:37,4,1,0
BRDA:38,5,0,0
BRDA:38,5,1,0
BRDA:51,6,0,0
BRDA:58,7,0,3
BRDA:58,7,1,1
BRDA:71,8,0,0
BRDA:80,9,0,1
BRDA:80,9,1,0
BRDA:96,10,0,0
BRDA:96,11,0,0
BRDA:100,12,0,1
BRDA:100,12,1,0
BRDA:101,13,0,1
BRDA:101,13,1,0
BRDA:106,14,0,1
BRDA:106,14,1,1
BRDA:107,15,0,1
BRDA:107,15,1,0
BRDA:108,16,0,1
BRDA:108,16,1,1
BRDA:112,17,0,1
BRDA:112,17,1,0
BRDA:122,18,0,0
BRDA:123,19,0,0
BRDA:123,19,1,0
BRDA:134,20,0,0
BRDA:134,20,1,0
BRDA:135,21,0,0
BRDA:135,21,1,0
BRDA:135,21,2,0
BRDA:136,22,0,0
BRDA:136,22,1,0
BRDA:138,23,0,0
BRDA:138,23,1,0
BRDA:150,24,0,0
BRDA:157,25,0,0
BRDA:157,25,1,0
BRDA:158,26,0,0
BRDA:158,26,1,0
BRDA:159,27,0,0
BRDA:159,27,1,0
BRDA:163,28,0,0
BRDA:163,28,1,0
BRDA:164,29,0,0
BRDA:164,29,1,0
BRF:54
BRH:11
end_of_record
TN:
SF:utils/configValidator.js
FN:130,(anonymous_0)
FN:145,(anonymous_1)
FN:161,(anonymous_2)
FN:175,(anonymous_3)
FNF:4
FNH:0
FNDA:0,(anonymous_0)
FNDA:0,(anonymous_1)
FNDA:0,(anonymous_2)
FNDA:0,(anonymous_3)
DA:7,1
DA:13,1
DA:25,1
DA:132,0
DA:135,0
DA:138,0
DA:143,0
DA:144,0
DA:145,0
DA:146,0
DA:147,0
DA:149,0
DA:155,0
DA:160,0
DA:161,0
DA:162,0
DA:165,0
DA:176,0
DA:177,0
DA:181,1
LF:20
LH:4
BRDA:130,0,0,0
BRDA:130,1,0,0
BRDA:130,1,1,0
BRDA:135,2,0,0
BRDA:135,2,1,0
BRDA:144,3,0,0
BRDA:144,3,1,0
BRDA:146,4,0,0
BRDA:146,4,1,0
BRDA:160,5,0,0
BRDA:160,5,1,0
BRDA:176,6,0,0
BRDA:176,6,1,0
BRF:13
BRH:0
end_of_record
TN:
SF:utils/configVersioning.js
FN:27,(anonymous_0)
FN:49,(anonymous_1)
FN:61,(anonymous_2)
FN:64,(anonymous_3)
FN:67,(anonymous_4)
FN:70,(anonymous_5)
FN:92,(anonymous_6)
FN:141,(anonymous_7)
FN:172,(anonymous_8)
FN:199,(anonymous_9)
FN:227,(anonymous_10)
FN:273,(anonymous_11)
FN:277,(anonymous_12)
FN:308,(anonymous_13)
FNF:14
FNH:0
FNDA:0,(anonymous_0)
FNDA:0,(anonymous_1)
FNDA:0,(anonymous_2)
FNDA:0,(anonymous_3)
FNDA:0,(anonymous_4)
FNDA:0,(anonymous_5)
FNDA:0,(anonymous_6)
FNDA:0,(anonymous_7)
FNDA:0,(anonymous_8)
FNDA:0,(anonymous_9)
FNDA:0,(anonymous_10)
FNDA:0,(anonymous_11)
FNDA:0,(anonymous_12)
FNDA:0,(anonymous_13)
DA:9,1
DA:10,1
DA:11,1
DA:12,1
DA:28,0
DA:37,0
DA:38,0
DA:50,0
DA:51,0
DA:62,0
DA:64,0
DA:65,0
DA:67,0
DA:69,0
DA:70,0
DA:73,0
DA:74,0
DA:75,0
DA:76,0
DA:81,0
DA:82,0
DA:93,0
DA:94,0
DA:95,0
DA:98,0
DA:100,0
DA:103,0
DA:112,0
DA:115,0
DA:121,0
DA:122,0
DA:125,0
DA:127,0
DA:128,0
DA:130,0
DA:131,0
DA:142,0
DA:143,0
DA:146,0
DA:147,0
DA:148,0
DA:150,0
DA:155,0
DA:158,0
DA:159,0
DA:163,0
DA:173,0
DA:174,0
DA:175,0
DA:178,0
DA:179,0
DA:181,0
DA:182,0
DA:185,0
DA:186,0
DA:188,0
DA:189,0
DA:200,0
DA:201,0
DA:202,0
DA:205,0
DA:206,0
DA:208,0
DA:209,0
DA:210,0
DA:213,0
DA:215,0
DA:216,0
DA:228,0
DA:229,0
DA:230,0
DA:233,0
DA:234,0
DA:235,0
DA:237,0
DA:238,0
DA:242,0
DA:258,0
DA:260,0
DA:261,0
DA:274,0
DA:277,0
DA:279,0
DA:280,0
DA:284,0
DA:288,0
DA:291,0
DA:292,0
DA:293,0
DA:298,0
DA:299,0
DA:308,0
DA:309,0
DA:310,0
DA:317,0
DA:321,1
LF:96
LH:5
BRDA:27,0,0,0
BRDA:29,1,0,0
BRDA:29,1,1,0
BRDA:31,2,0,0
BRDA:31,2,1,0
BRDA:37,3,0,0
BRDA:37,3,1,0
BRDA:37,4,0,0
BRDA:37,4,1,0
BRDA:65,5,0,0
BRDA:65,5,1,0
BRDA:65,6,0,0
BRDA:65,6,1,0
BRDA:73,7,0,0
BRDA:73,7,1,0
BRDA:73,8,0,0
BRDA:73,8,1,0
BRDA:75,9,0,0
BRDA:75,9,1,0
BRDA:75,10,0,0
BRDA:75,10,1,0
BRDA:92,11,0,0
BRDA:93,12,0,0
BRDA:93,12,1,0
BRDA:106,13,0,0
BRDA:106,13,1,0
BRDA:146,14,0,0
BRDA:146,14,1,0
BRDA:158,15,0,0
BRDA:158,15,1,0
BRDA:172,16,0,0
BRDA:173,17,0,0
BRDA:173,17,1,0
BRDA:181,18,0,0
BRDA:181,18,1,0
BRDA:200,19,0,0
BRDA:200,19,1,0
BRDA:208,20,0,0
BRDA:208,20,1,0
BRDA:228,21,0,0
BRDA:228,21,1,0
BRDA:237,22,0,0
BRDA:237,22,1,0
BRDA:237,23,0,0
BRDA:237,23,1,0
BRDA:279,24,0,0
BRDA:279,24,1,0
BRDA:288,25,0,0
BRDA:288,25,1,0
BRDA:288,26,0,0
BRDA:288,26,1,0
BRDA:288,26,2,0
BRDA:288,26,3,0
BRDA:292,27,0,0
BRDA:292,27,1,0
BRDA:298,28,0,0
BRDA:298,28,1,0
BRDA:309,29,0,0
BRDA:309,29,1,0
BRF:59
BRH:0
end_of_record
TN:
SF:utils/crudFactory.js
FN:28,(anonymous_0)
FN:38,(anonymous_1)
FN:39,(anonymous_2)
FN:40,(anonymous_3)
FN:43,(anonymous_4)
FN:64,(anonymous_5)
FN:89,(anonymous_6)
FN:113,(anonymous_7)
FN:114,(anonymous_8)
FN:115,(anonymous_9)
FN:118,(anonymous_10)
FN:140,(anonymous_11)
FN:165,(anonymous_12)
FNF:13
FNH:0
FNDA:0,(anonymous_0)
FNDA:0,(anonymous_1)
FNDA:0,(anonymous_2)
FNDA:0,(anonymous_3)
FNDA:0,(anonymous_4)
FNDA:0,(anonymous_5)
FNDA:0,(anonymous_6)
FNDA:0,(anonymous_7)
FNDA:0,(anonymous_8)
FNDA:0,(anonymous_9)
FNDA:0,(anonymous_10)
FNDA:0,(anonymous_11)
FNDA:0,(anonymous_12)
DA:7,1
DA:28,1
DA:29,0
DA:39,0
DA:40,0
DA:41,0
DA:43,0
DA:47,0
DA:48,0
DA:49,0
DA:51,0
DA:52,0
DA:65,0
DA:66,0
DA:72,0
DA:73,0
DA:74,0
DA:76,0
DA:77,0
DA:90,0
DA:95,0
DA:96,0
DA:97,0
DA:99,0
DA:100,0
DA:114,0
DA:115,0
DA:116,0
DA:118,0
DA:123,0
DA:124,0
DA:125,0
DA:127,0
DA:128,0
DA:141,0
DA:147,0
DA:148,0
DA:149,0
DA:151,0
DA:152,0
DA:166,0
DA:171,0
DA:172,0
DA:173,0
DA:175,0
DA:176,0
DA:182,1
LF:47
LH:3
BRDA:64,0,0,0
BRDA:65,1,0,0
BRDA:65,2,0,0
BRDA:65,3,0,0
BRDA:65,4,0,0
BRF:5
BRH:0
end_of_record
TN:
SF:utils/emailUtils.js
FN:25,(anonymous_0)
FN:48,sendVerificationEmail
FN:86,sendPasswordResetEmail
FNF:3
FNH:0
FNDA:0,(anonymous_0)
FNDA:0,sendVerificationEmail
FNDA:0,sendPasswordResetEmail
DA:8,1
DA:9,1
DA:10,1
DA:17,1
DA:25,1
DA:26,0
DA:27,0
DA:29,0
DA:49,0
DA:62,0
DA:63,0
DA:64,0
DA:66,0
DA:67,0
DA:87,0
DA:100,0
DA:101,0
DA:102,0
DA:104,0
DA:105,0
DA:109,1
LF:21
LH:6
BRDA:26,0,0,0
BRDA:26,0,1,0
BRF:2
BRH:0
end_of_record
TN:
SF:utils/errorHandler.js
FN:22,(anonymous_0)
FN:22,(anonymous_1)
FN:32,(anonymous_2)
FN:73,(anonymous_3)
FN:92,(anonymous_4)
FNF:5
FNH:0
FNDA:0,(anonymous_0)
FNDA:0,(anonymous_1)
FNDA:0,(anonymous_2)
FNDA:0,(anonymous_3)
FNDA:0,(anonymous_4)
DA:8,1
DA:9,1
DA:22,1
DA:23,0
DA:32,1
DA:33,0
DA:34,0
DA:35,0
DA:38,0
DA:39,0
DA:45,0
DA:51,0
DA:73,1
DA:75,0
DA:78,0
DA:81,0
DA:92,1
DA:93,0
DA:94,0
DA:97,1
LF:20
LH:7
BRDA:33,0,0,0
BRDA:33,0,1,0
BRDA:34,1,0,0
BRDA:34,1,1,0
BRDA:35,2,0,0
BRDA:35,2,1,0
BRDA:38,3,0,0
BRDA:38,3,1,0
BRDA:57,4,0,0
BRDA:57,4,1,0
BRDA:59,5,0,0
BRDA:59,5,1,0
BRF:12
BRH:0
end_of_record
TN:
SF:utils/fileUtils.js
FN:26,(anonymous_0)
FN:40,(anonymous_1)
FN:54,(anonymous_2)
FN:86,(anonymous_3)
FN:102,(anonymous_4)
FNF:5
FNH:0
FNDA:0,(anonymous_0)
FNDA:0,(anonymous_1)
FNDA:0,(anonymous_2)
FNDA:0,(anonymous_3)
FNDA:0,(anonymous_4)
DA:9,1
DA:10,1
DA:11,1
DA:18,1
DA:27,0
DA:28,0
DA:29,0
DA:31,0
DA:41,0
DA:42,0
DA:54,1
DA:55,0
DA:56,0
DA:57,0
DA:59,0
DA:70,1
DA:86,1
DA:87,0
DA:88,0
DA:89,0
DA:91,0
DA:92,0
DA:102,1
DA:103,0
DA:106,1
LF:25
LH:9
BRDA:28,0,0,0
BRDA:28,0,1,0
BRDA:56,1,0,0
BRDA:56,1,1,0
BRF:4
BRH:0
end_of_record
TN:
SF:utils/logger.js
FNF:0
FNH:0
DA:7,14
DA:33,14
DA:46,14
DA:47,14
DA:52,14
LF:5
LH:5
BRDA:46,0,0,14
BRDA:46,0,1,0
BRF:2
BRH:1
end_of_record
TN:
SF:utils/metrics.js
FN:49,(anonymous_0)
FN:69,(anonymous_1)
FN:72,(anonymous_2)
FN:82,(anonymous_3)
FN:96,(anonymous_4)
FN:99,(anonymous_5)
FNF:6
FNH:0
FNDA:0,(anonymous_0)
FNDA:0,(anonymous_1)
FNDA:0,(anonymous_2)
FNDA:0,(anonymous_3)
FNDA:0,(anonymous_4)
FNDA:0,(anonymous_5)
DA:7,1
DA:8,1
DA:11,1
DA:14,1
DA:17,1
DA:23,1
DA:29,1
DA:35,1
DA:41,1
DA:49,1
DA:50,0
DA:51,0
DA:52,0
DA:53,0
DA:56,0
DA:57,0
DA:58,0
DA:59,0
DA:61,0
DA:64,0
DA:69,1
DA:70,0
DA:72,0
DA:73,0
DA:74,0
DA:77,0
DA:81,1
DA:82,1
DA:83,0
DA:85,0
DA:86,0
DA:87,0
DA:88,0
DA:89,0
DA:90,0
DA:92,0
DA:93,0
DA:95,0
DA:96,0
DA:97,0
DA:98,0
DA:100,0
DA:101,0
DA:105,0
DA:109,1
LF:45
LH:14
BRDA:56,0,0,0
BRDA:56,0,1,0
BRDA:57,1,0,0
BRDA:57,1,1,0
BRDA:58,2,0,0
BRDA:58,2,1,0
BRDA:59,3,0,0
BRDA:59,3,1,0
BRDA:85,4,0,0
BRDA:85,4,1,0
BRDA:88,5,0,0
BRDA:88,5,1,0
BRDA:95,6,0,0
BRDA:95,6,1,0
BRDA:95,7,0,0
BRDA:95,7,1,0
BRF:16
BRH:0
end_of_record
TN:
SF:utils/middlewareErrorBoundary.js
FN:49,createErrorBoundary
FN:56,(anonymous_1)
FN:59,(anonymous_2)
FN:83,handleError
FN:154,wrapWithErrorBoundaries
FN:157,(anonymous_5)
FNF:6
FNH:0
FNDA:0,createErrorBoundary
FNDA:0,(anonymous_1)
FNDA:0,(anonymous_2)
FNDA:0,handleError
FNDA:0,wrapWithErrorBoundaries
FNDA:0,(anonymous_5)
DA:8,1
DA:9,1
DA:54,0
DA:56,0
DA:57,0
DA:59,0
DA:60,0
DA:61,0
DA:63,0
DA:67,0
DA:68,0
DA:71,0
DA:85,0
DA:97,0
DA:98,0
DA:99,0
DA:101,0
DA:110,0
DA:112,0
DA:113,0
DA:120,0
DA:123,0
DA:124,0
DA:129,0
DA:155,0
DA:157,0
DA:158,0
DA:159,0
DA:166,1
LF:29
LH:3
BRDA:49,0,0,0
BRDA:51,1,0,0
BRDA:53,2,0,0
BRDA:60,3,0,0
BRDA:60,3,1,0
BRDA:67,4,0,0
BRDA:67,4,1,0
BRDA:92,5,0,0
BRDA:92,5,1,0
BRDA:97,6,0,0
BRDA:97,6,1,0
BRDA:110,7,0,0
BRDA:110,7,1,0
BRDA:112,8,0,0
BRDA:112,8,1,0
BRDA:117,9,0,0
BRDA:117,9,1,0
BRDA:123,10,0,0
BRDA:123,10,1,0
BRDA:126,11,0,0
BRDA:126,11,1,0
BRDA:154,12,0,0
BRDA:155,13,0,0
BRDA:155,14,0,0
BRDA:158,15,0,0
BRDA:158,15,1,0
BRF:26
BRH:0
end_of_record
TN:
SF:utils/middlewareVersioning.js
FN:31,loadVersionHistory
FN:48,(anonymous_1)
FN:66,saveVersionHistory
FN:82,generateVersionHash
FN:109,registerMiddleware
FN:142,getMiddlewareVersions
FN:152,getMiddlewareVersion
FNF:7
FNH:1
FNDA:1,loadVersionHistory
FNDA:0,(anonymous_1)
FNDA:0,saveVersionHistory
FNDA:0,generateVersionHash
FNDA:0,registerMiddleware
FNDA:0,getMiddlewareVersions
FNDA:0,getMiddlewareVersion
DA:7,1
DA:8,1
DA:9,1
DA:10,1
DA:21,1
DA:24,1
DA:32,1
DA:34,1
DA:35,1
DA:36,0
DA:40,1
DA:41,0
DA:42,0
DA:45,1
DA:46,1
DA:48,1
DA:49,0
DA:55,1
DA:57,0
DA:67,0
DA:68,0
DA:69,0
DA:70,0
DA:72,0
DA:83,0
DA:84,0
DA:110,0
DA:111,0
DA:113,0
DA:114,0
DA:121,0
DA:122,0
DA:124,0
DA:125,0
DA:130,0
DA:134,0
DA:143,0
DA:153,0
DA:157,1
DA:159,1
LF:40
LH:16
BRDA:35,0,0,0
BRDA:35,0,1,1
BRDA:40,1,0,0
BRDA:40,1,1,1
BRDA:109,2,0,0
BRDA:113,3,0,0
BRDA:113,3,1,0
BRDA:113,4,0,0
BRDA:113,4,1,0
BRDA:118,5,0,0
BRDA:118,5,1,0
BRDA:124,6,0,0
BRDA:124,6,1,0
BRDA:153,7,0,0
BRDA:153,7,1,0
BRF:15
BRH:2
end_of_record
TN:
SF:utils/permissionChecker.js
FN:72,(anonymous_0)
FN:86,(anonymous_1)
FN:87,(anonymous_2)
FN:98,(anonymous_3)
FN:129,(anonymous_4)
FNF:5
FNH:0
FNDA:0,(anonymous_0)
FNDA:0,(anonymous_1)
FNDA:0,(anonymous_2)
FNDA:0,(anonymous_3)
FNDA:0,(anonymous_4)
DA:8,1
DA:9,1
DA:15,1
DA:72,1
DA:73,0
DA:74,0
DA:77,0
DA:86,1
DA:87,0
DA:88,0
DA:89,0
DA:92,0
DA:93,0
DA:97,0
DA:98,0
DA:99,0
DA:102,0
DA:103,0
DA:105,0
DA:110,0
DA:129,1
DA:131,0
DA:133,0
DA:135,0
DA:138,1
LF:25
LH:7
BRDA:73,0,0,0
BRDA:73,0,1,0
BRDA:77,1,0,0
BRDA:77,1,1,0
BRDA:92,2,0,0
BRDA:92,2,1,0
BRDA:102,3,0,0
BRDA:102,3,1,0
BRF:8
BRH:0
end_of_record
TN:
SF:utils/permissionService.js
FN:82,(anonymous_0)
FN:94,(anonymous_1)
FN:95,(anonymous_2)
FN:117,(anonymous_3)
FN:136,(anonymous_4)
FN:158,(anonymous_5)
FNF:6
FNH:0
FNDA:0,(anonymous_0)
FNDA:0,(anonymous_1)
FNDA:0,(anonymous_2)
FNDA:0,(anonymous_3)
FNDA:0,(anonymous_4)
FNDA:0,(anonymous_5)
DA:7,2
DA:16,2
DA:39,2
DA:60,2
DA:82,2
DA:83,0
DA:84,0
DA:94,2
DA:95,0
DA:96,0
DA:98,0
DA:99,0
DA:101,0
DA:117,2
DA:118,0
DA:119,0
DA:121,0
DA:136,2
DA:137,0
DA:138,0
DA:140,0
DA:158,2
DA:159,0
DA:160,0
DA:161,0
DA:163,0
DA:164,0
DA:170,0
DA:175,0
DA:176,0
DA:182,0
DA:183,0
DA:185,0
DA:191,0
DA:192,0
DA:199,2
LF:36
LH:10
BRDA:83,0,0,0
BRDA:83,0,1,0
BRDA:83,1,0,0
BRDA:83,1,1,0
BRDA:84,2,0,0
BRDA:84,2,1,0
BRDA:98,3,0,0
BRDA:98,3,1,0
BRDA:118,4,0,0
BRDA:118,4,1,0
BRDA:137,5,0,0
BRDA:137,5,1,0
BRDA:163,6,0,0
BRDA:163,6,1,0
BRDA:163,7,0,0
BRDA:163,7,1,0
BRDA:175,8,0,0
BRDA:175,8,1,0
BRDA:182,9,0,0
BRDA:182,9,1,0
BRDA:182,10,0,0
BRDA:182,10,1,0
BRF:22
BRH:0
end_of_record
TN:
SF:utils/responseHandler.js
FN:26,(anonymous_0)
FN:42,(anonymous_1)
FN:58,(anonymous_2)
FN:73,(anonymous_3)
FN:92,(anonymous_4)
FNF:5
FNH:5
FNDA:2,(anonymous_0)
FNDA:2,(anonymous_1)
FNDA:2,(anonymous_2)
FNDA:2,(anonymous_3)
FNDA:3,(anonymous_4)
DA:16,1
DA:27,2
DA:43,2
DA:59,2
DA:74,2
DA:93,3
DA:94,3
DA:95,3
DA:96,3
DA:98,3
DA:112,1
LF:11
LH:11
BRDA:26,0,0,1
BRDA:26,1,0,1
BRDA:42,2,0,1
BRDA:58,3,0,1
BRDA:73,4,0,1
BRDA:93,5,0,3
BRDA:93,5,1,2
BRDA:94,6,0,1
BRDA:94,6,1,2
BRDA:95,7,0,3
BRDA:95,7,1,0
BRDA:96,8,0,3
BRDA:96,8,1,2
BRDA:105,9,0,3
BRDA:105,9,1,2
BRDA:106,10,0,1
BRDA:106,10,1,2
BRF:17
BRH:16
end_of_record
TN:
SF:utils/serviceFactory.js
FN:21,(anonymous_0)
FN:62,(anonymous_1)
FN:80,(anonymous_2)
FN:92,(anonymous_3)
FN:93,(anonymous_4)
FN:110,(anonymous_5)
FN:114,(anonymous_6)
FN:148,(anonymous_7)
FN:156,(anonymous_8)
FN:165,(anonymous_9)
FN:214,(anonymous_10)
FN:244,(anonymous_11)
FN:256,(anonymous_12)
FN:257,(anonymous_13)
FN:274,(anonymous_14)
FN:288,(anonymous_15)
FN:323,(anonymous_16)
FN:329,(anonymous_17)
FNF:18
FNH:0
FNDA:0,(anonymous_0)
FNDA:0,(anonymous_1)
FNDA:0,(anonymous_2)
FNDA:0,(anonymous_3)
FNDA:0,(anonymous_4)
FNDA:0,(anonymous_5)
FNDA:0,(anonymous_6)
FNDA:0,(anonymous_7)
FNDA:0,(anonymous_8)
FNDA:0,(anonymous_9)
FNDA:0,(anonymous_10)
FNDA:0,(anonymous_11)
FNDA:0,(anonymous_12)
FNDA:0,(anonymous_13)
FNDA:0,(anonymous_14)
FNDA:0,(anonymous_15)
FNDA:0,(anonymous_16)
FNDA:0,(anonymous_17)
DA:9,1
DA:10,1
DA:11,1
DA:21,1
DA:23,0
DA:24,0
DA:28,0
DA:29,0
DA:30,0
DA:31,0
DA:32,0
DA:33,0
DA:35,0
DA:36,0
DA:38,0
DA:62,1
DA:70,0
DA:80,0
DA:82,0
DA:83,0
DA:84,0
DA:85,0
DA:90,0
DA:92,0
DA:94,0
DA:95,0
DA:100,0
DA:101,0
DA:102,0
DA:106,0
DA:107,0
DA:110,0
DA:112,0
DA:113,0
DA:114,0
DA:116,0
DA:123,0
DA:125,0
DA:126,0
DA:129,0
DA:132,0
DA:133,0
DA:136,0
DA:148,0
DA:150,0
DA:151,0
DA:152,0
DA:155,0
DA:156,0
DA:157,0
DA:158,0
DA:161,0
DA:165,0
DA:166,0
DA:167,0
DA:168,0
DA:173,0
DA:175,0
DA:176,0
DA:180,0
DA:181,0
DA:182,0
DA:183,0
DA:186,0
DA:190,0
DA:191,0
DA:193,0
DA:196,0
DA:199,0
DA:200,0
DA:203,0
DA:214,0
DA:216,0
DA:219,0
DA:221,0
DA:222,0
DA:225,0
DA:228,0
DA:229,0
DA:232,0
DA:244,0
DA:246,0
DA:247,0
DA:248,0
DA:249,0
DA:254,0
DA:256,0
DA:258,0
DA:259,0
DA:264,0
DA:265,0
DA:266,0
DA:270,0
DA:271,0
DA:274,0
DA:276,0
DA:277,0
DA:279,0
DA:280,0
DA:283,0
DA:286,0
DA:287,0
DA:288,0
DA:290,0
DA:298,0
DA:300,0
DA:301,0
DA:304,0
DA:307,0
DA:308,0
DA:311,0
DA:323,0
DA:325,0
DA:326,0
DA:329,0
DA:331,0
DA:332,0
DA:334,0
DA:335,0
DA:338,0
DA:341,0
DA:344,0
DA:346,0
DA:347,0
DA:351,0
DA:352,0
DA:355,0
DA:359,0
DA:369,1
LF:129
LH:6
BRDA:21,0,0,0
BRDA:23,1,0,0
BRDA:23,1,1,0
BRDA:62,2,0,0
BRDA:64,3,0,0
BRDA:65,4,0,0
BRDA:66,5,0,0
BRDA:67,6,0,0
BRDA:68,7,0,0
BRDA:69,8,0,0
BRDA:80,9,0,0
BRDA:82,10,0,0
BRDA:82,10,1,0
BRDA:84,11,0,0
BRDA:84,11,1,0
BRDA:90,12,0,0
BRDA:90,12,1,0
BRDA:100,13,0,0
BRDA:100,13,1,0
BRDA:106,14,0,0
BRDA:106,14,1,0
BRDA:125,15,0,0
BRDA:125,15,1,0
BRDA:132,16,0,0
BRDA:132,16,1,0
BRDA:148,17,0,0
BRDA:148,18,0,0
BRDA:155,19,0,0
BRDA:155,19,1,0
BRDA:155,20,0,0
BRDA:155,20,1,0
BRDA:166,21,0,0
BRDA:166,21,1,0
BRDA:166,22,0,0
BRDA:166,22,1,0
BRDA:166,22,2,0
BRDA:166,22,3,0
BRDA:166,22,4,0
BRDA:175,23,0,0
BRDA:175,23,1,0
BRDA:180,24,0,0
BRDA:180,24,1,0
BRDA:182,25,0,0
BRDA:182,25,1,0
BRDA:183,26,0,0
BRDA:183,26,1,0
BRDA:190,27,0,0
BRDA:190,27,1,0
BRDA:191,28,0,0
BRDA:191,28,1,0
BRDA:199,29,0,0
BRDA:199,29,1,0
BRDA:214,30,0,0
BRDA:221,31,0,0
BRDA:221,31,1,0
BRDA:228,32,0,0
BRDA:228,32,1,0
BRDA:244,33,0,0
BRDA:246,34,0,0
BRDA:246,34,1,0
BRDA:248,35,0,0
BRDA:248,35,1,0
BRDA:254,36,0,0
BRDA:254,36,1,0
BRDA:264,37,0,0
BRDA:264,37,1,0
BRDA:270,38,0,0
BRDA:270,38,1,0
BRDA:279,39,0,0
BRDA:279,39,1,0
BRDA:300,40,0,0
BRDA:300,40,1,0
BRDA:307,41,0,0
BRDA:307,41,1,0
BRDA:323,42,0,0
BRDA:325,43,0,0
BRDA:325,43,1,0
BRDA:334,44,0,0
BRDA:334,44,1,0
BRDA:346,45,0,0
BRDA:346,45,1,0
BRDA:351,46,0,0
BRDA:351,46,1,0
BRF:83
BRH:0
end_of_record
TN:
SF:utils/tokenService.js
FN:34,(anonymous_0)
FN:62,(anonymous_1)
FN:108,(anonymous_2)
FN:130,(anonymous_3)
FN:158,(anonymous_4)
FN:170,(anonymous_5)
FN:193,(anonymous_6)
FN:214,(anonymous_7)
FNF:8
FNH:0
FNDA:0,(anonymous_0)
FNDA:0,(anonymous_1)
FNDA:0,(anonymous_2)
FNDA:0,(anonymous_3)
FNDA:0,(anonymous_4)
FNDA:0,(anonymous_5)
FNDA:0,(anonymous_6)
FNDA:0,(anonymous_7)
DA:8,1
DA:9,1
DA:12,1
DA:15,1
DA:21,1
DA:27,1
DA:34,1
DA:36,0
DA:37,0
DA:41,0
DA:42,0
DA:43,0
DA:63,0
DA:65,0
DA:75,0
DA:85,0
DA:96,0
DA:109,0
DA:110,0
DA:111,0
DA:112,0
DA:113,0
DA:115,0
DA:117,0
DA:131,0
DA:132,0
DA:133,0
DA:134,0
DA:135,0
DA:139,0
DA:140,0
DA:141,0
DA:144,0
DA:146,0
DA:159,0
DA:171,0
DA:172,0
DA:174,0
DA:175,0
DA:176,0
DA:178,0
DA:179,0
DA:194,0
DA:195,0
DA:197,0
DA:198,0
DA:215,0
DA:219,1
LF:48
LH:8
BRDA:21,0,0,1
BRDA:21,0,1,1
BRDA:27,1,0,1
BRDA:27,1,1,1
BRDA:36,2,0,0
BRDA:36,2,1,0
BRDA:112,3,0,0
BRDA:112,3,1,0
BRDA:134,4,0,0
BRDA:134,4,1,0
BRDA:140,5,0,0
BRDA:140,5,1,0
BRDA:178,6,0,0
BRDA:178,6,1,0
BRDA:195,7,0,0
BRDA:195,7,1,0
BRDA:197,8,0,0
BRDA:197,8,1,0
BRF:18
BRH:4
end_of_record
TN:
SF:utils/transaction.js
FN:30,withTransaction
FN:94,withReadTransaction
FN:116,withWriteTransaction
FNF:3
FNH:0
FNDA:0,withTransaction
FNDA:0,withReadTransaction
FNDA:0,withWriteTransaction
DA:7,1
DA:8,1
DA:31,0
DA:33,0
DA:35,0
DA:38,0
DA:39,0
DA:40,0
DA:44,0
DA:45,0
DA:49,0
DA:50,0
DA:54,0
DA:57,0
DA:59,0
DA:62,0
DA:63,0
DA:65,0
DA:69,0
DA:72,0
DA:75,0
DA:95,0
DA:117,0
DA:122,1
LF:24
LH:3
BRDA:30,0,0,0
BRDA:38,1,0,0
BRDA:38,1,1,0
BRDA:44,2,0,0
BRDA:44,2,1,0
BRDA:49,3,0,0
BRDA:49,3,1,0
BRDA:49,4,0,0
BRDA:49,4,1,0
BRF:9
BRH:0
end_of_record
TN:
SF:utils/websocketRateLimiter.js
FN:24,(anonymous_0)
FN:37,(anonymous_1)
FN:54,(anonymous_2)
FN:79,(anonymous_3)
FN:95,(anonymous_4)
FN:131,(anonymous_5)
FN:164,(anonymous_6)
FN:180,(anonymous_7)
FN:216,(anonymous_8)
FN:250,(anonymous_9)
FN:251,(anonymous_10)
FN:279,(anonymous_11)
FN:280,(anonymous_12)
FN:281,(anonymous_13)
FNF:14
FNH:1
FNDA:1,(anonymous_0)
FNDA:0,(anonymous_1)
FNDA:0,(anonymous_2)
FNDA:0,(anonymous_3)
FNDA:0,(anonymous_4)
FNDA:0,(anonymous_5)
FNDA:0,(anonymous_6)
FNDA:0,(anonymous_7)
FNDA:0,(anonymous_8)
FNDA:0,(anonymous_9)
FNDA:0,(anonymous_10)
FNDA:0,(anonymous_11)
FNDA:0,(anonymous_12)
FNDA:0,(anonymous_13)
DA:7,1
DA:8,1
DA:25,1
DA:26,1
DA:27,1
DA:28,1
DA:29,1
DA:32,1
DA:33,1
DA:36,1
DA:37,0
DA:40,1
DA:55,0
DA:58,0
DA:59,0
DA:60,0
DA:65,0
DA:66,0
DA:67,0
DA:80,0
DA:81,0
DA:83,0
DA:96,0
DA:98,0
DA:100,0
DA:103,0
DA:104,0
DA:108,0
DA:109,0
DA:113,0
DA:116,0
DA:118,0
DA:120,0
DA:132,0
DA:133,0
DA:136,0
DA:137,0
DA:138,0
DA:142,0
DA:143,0
DA:146,0
DA:147,0
DA:151,0
DA:154,0
DA:165,0
DA:166,0
DA:168,0
DA:181,0
DA:183,0
DA:185,0
DA:188,0
DA:189,0
DA:193,0
DA:194,0
DA:198,0
DA:201,0
DA:203,0
DA:205,0
DA:217,0
DA:218,0
DA:221,0
DA:222,0
DA:223,0
DA:227,0
DA:228,0
DA:231,0
DA:232,0
DA:236,0
DA:239,0
DA:251,0
DA:252,0
DA:253,0
DA:254,0
DA:256,0
DA:257,0
DA:260,0
DA:262,0
DA:263,0
DA:280,0
DA:281,0
DA:282,0
DA:283,0
DA:284,0
DA:286,0
DA:287,0
DA:288,0
DA:290,0
DA:293,0
DA:295,0
DA:296,0
DA:297,0
DA:306,1
DA:310,1
LF:93
LH:13
BRDA:24,0,0,0
BRDA:25,1,0,1
BRDA:25,1,1,1
BRDA:26,2,0,1
BRDA:26,2,1,1
BRDA:27,3,0,1
BRDA:27,3,1,1
BRDA:28,4,0,1
BRDA:28,4,1,1
BRDA:29,5,0,1
BRDA:29,5,1,0
BRDA:29,6,0,1
BRDA:29,6,1,1
BRDA:36,7,0,0
BRDA:36,7,1,1
BRDA:59,8,0,0
BRDA:59,8,1,0
BRDA:66,9,0,0
BRDA:66,9,1,0
BRDA:80,10,0,0
BRDA:80,10,1,0
BRDA:103,11,0,0
BRDA:103,11,1,0
BRDA:108,12,0,0
BRDA:108,12,1,0
BRDA:133,13,0,0
BRDA:133,13,1,0
BRDA:136,14,0,0
BRDA:136,14,1,0
BRDA:146,15,0,0
BRDA:146,15,1,0
BRDA:165,16,0,0
BRDA:165,16,1,0
BRDA:188,17,0,0
BRDA:188,17,1,0
BRDA:193,18,0,0
BRDA:193,18,1,0
BRDA:218,19,0,0
BRDA:218,19,1,0
BRDA:221,20,0,0
BRDA:221,20,1,0
BRDA:231,21,0,0
BRDA:231,21,1,0
BRDA:256,22,0,0
BRDA:256,22,1,0
BRDA:286,23,0,0
BRDA:286,23,1,0
BRDA:287,24,0,0
BRDA:287,24,1,0
BRDA:296,25,0,0
BRDA:296,25,1,0
BRF:51
BRH:12
end_of_record
